[0.952s] Invoking command in '/home/emon/development/ros2_begginers/Src/my_py_pkg': PYTHONPATH=/home/emon/development/ros2_begginers/build/my_py_pkg/prefix_override:/home/emon/development/ros2_begginers/install/my_py_pkg/lib/python3.10/site-packages:${PYTHONPATH} /usr/bin/python3 setup.py egg_info --egg-base ../../build/my_py_pkg build --build-base /home/emon/development/ros2_begginers/build/my_py_pkg/build install --record /home/emon/development/ros2_begginers/build/my_py_pkg/install.log --single-version-externally-managed
[1.267s] running egg_info
[1.267s] creating ../../build/my_py_pkg/my_py_pkg.egg-info
[1.267s] writing ../../build/my_py_pkg/my_py_pkg.egg-info/PKG-INFO
[1.268s] writing dependency_links to ../../build/my_py_pkg/my_py_pkg.egg-info/dependency_links.txt
[1.268s] writing entry points to ../../build/my_py_pkg/my_py_pkg.egg-info/entry_points.txt
[1.268s] writing requirements to ../../build/my_py_pkg/my_py_pkg.egg-info/requires.txt
[1.268s] writing top-level names to ../../build/my_py_pkg/my_py_pkg.egg-info/top_level.txt
[1.268s] writing manifest file '../../build/my_py_pkg/my_py_pkg.egg-info/SOURCES.txt'
[1.270s] reading manifest file '../../build/my_py_pkg/my_py_pkg.egg-info/SOURCES.txt'
[1.271s] writing manifest file '../../build/my_py_pkg/my_py_pkg.egg-info/SOURCES.txt'
[1.271s] running build
[1.271s] running build_py
[1.271s] creating /home/emon/development/ros2_begginers/build/my_py_pkg/build
[1.271s] creating /home/emon/development/ros2_begginers/build/my_py_pkg/build/lib
[1.271s] creating /home/emon/development/ros2_begginers/build/my_py_pkg/build/lib/my_py_pkg
[1.271s] copying my_py_pkg/__init__.py -> /home/emon/development/ros2_begginers/build/my_py_pkg/build/lib/my_py_pkg
[1.272s] copying my_py_pkg/my_first_node.py -> /home/emon/development/ros2_begginers/build/my_py_pkg/build/lib/my_py_pkg
[1.272s] running install
[1.272s] running install_lib
[1.273s] creating /home/emon/development/ros2_begginers/install/my_py_pkg/lib/python3.10/site-packages/my_py_pkg
[1.273s] copying /home/emon/development/ros2_begginers/build/my_py_pkg/build/lib/my_py_pkg/__init__.py -> /home/emon/development/ros2_begginers/install/my_py_pkg/lib/python3.10/site-packages/my_py_pkg
[1.273s] copying /home/emon/development/ros2_begginers/build/my_py_pkg/build/lib/my_py_pkg/my_first_node.py -> /home/emon/development/ros2_begginers/install/my_py_pkg/lib/python3.10/site-packages/my_py_pkg
[1.274s] byte-compiling /home/emon/development/ros2_begginers/install/my_py_pkg/lib/python3.10/site-packages/my_py_pkg/__init__.py to __init__.cpython-310.pyc
[1.274s] byte-compiling /home/emon/development/ros2_begginers/install/my_py_pkg/lib/python3.10/site-packages/my_py_pkg/my_first_node.py to my_first_node.cpython-310.pyc
[1.274s] running install_data
[1.275s] creating /home/emon/development/ros2_begginers/install/my_py_pkg/share/ament_index
[1.275s] creating /home/emon/development/ros2_begginers/install/my_py_pkg/share/ament_index/resource_index
[1.275s] creating /home/emon/development/ros2_begginers/install/my_py_pkg/share/ament_index/resource_index/packages
[1.275s] copying resource/my_py_pkg -> /home/emon/development/ros2_begginers/install/my_py_pkg/share/ament_index/resource_index/packages
[1.275s] copying package.xml -> /home/emon/development/ros2_begginers/install/my_py_pkg/share/my_py_pkg
[1.275s] running install_egg_info
[1.277s] Copying ../../build/my_py_pkg/my_py_pkg.egg-info to /home/emon/development/ros2_begginers/install/my_py_pkg/lib/python3.10/site-packages/my_py_pkg-0.0.0-py3.10.egg-info
[1.278s] running install_scripts
[1.301s] Installing py_node script to /home/emon/development/ros2_begginers/install/my_py_pkg/lib/my_py_pkg
[1.301s] writing list of installed files to '/home/emon/development/ros2_begginers/build/my_py_pkg/install.log'
[1.338s] Invoked command in '/home/emon/development/ros2_begginers/Src/my_py_pkg' returned '0': PYTHONPATH=/home/emon/development/ros2_begginers/build/my_py_pkg/prefix_override:/home/emon/development/ros2_begginers/install/my_py_pkg/lib/python3.10/site-packages:${PYTHONPATH} /usr/bin/python3 setup.py egg_info --egg-base ../../build/my_py_pkg build --build-base /home/emon/development/ros2_begginers/build/my_py_pkg/build install --record /home/emon/development/ros2_begginers/build/my_py_pkg/install.log --single-version-externally-managed
