[1.180s] DEBUG:colcon:Command line arguments: ['/usr/bin/colcon', 'build', '--packages-select', 'my_cp_pkg']
[1.180s] DEBUG:colcon:Parsed command line arguments: Namespace(log_base=None, log_level=None, verb_name='build', build_base='build', install_base='install', merge_install=False, symlink_install=False, test_result_base=None, continue_on_error=False, executor='parallel', parallel_workers=8, event_handlers=None, ignore_user_meta=False, metas=['./colcon.meta'], base_paths=['.'], packages_ignore=None, packages_ignore_regex=None, paths=None, packages_up_to=None, packages_up_to_regex=None, packages_above=None, packages_above_and_dependencies=None, packages_above_depth=None, packages_select_by_dep=None, packages_skip_by_dep=None, packages_skip_up_to=None, packages_select_build_failed=False, packages_skip_build_finished=False, packages_select_test_failures=False, packages_skip_test_passed=False, packages_select=['my_cp_pkg'], packages_skip=None, packages_select_regex=None, packages_skip_regex=None, packages_start=None, packages_end=None, allow_overriding=[], cmake_args=None, cmake_target=None, cmake_target_skip_unavailable=False, cmake_clean_cache=False, cmake_clean_first=False, cmake_force_configure=False, ament_cmake_args=None, catkin_cmake_args=None, catkin_skip_building_tests=False, verb_parser=<colcon_defaults.argument_parser.defaults.DefaultArgumentsDecorator object at 0x7f9083ab8fd0>, verb_extension=<colcon_core.verb.build.BuildVerb object at 0x7f9083ecf730>, main=<bound method BuildVerb.main of <colcon_core.verb.build.BuildVerb object at 0x7f9083ecf730>>)
[1.234s] Level 1:colcon.colcon_core.package_discovery:discover_packages(colcon_meta) check parameters
[1.234s] Level 1:colcon.colcon_core.package_discovery:discover_packages(recursive) check parameters
[1.234s] Level 1:colcon.colcon_core.package_discovery:discover_packages(ignore) check parameters
[1.234s] Level 1:colcon.colcon_core.package_discovery:discover_packages(path) check parameters
[1.234s] Level 1:colcon.colcon_core.package_discovery:discover_packages(colcon_meta) discover
[1.234s] Level 1:colcon.colcon_core.package_discovery:discover_packages(recursive) discover
[1.234s] INFO:colcon.colcon_core.package_discovery:Crawling recursively for packages in '/home/emon/development/ros2_begginers'
[1.234s] Level 1:colcon.colcon_core.package_identification:_identify(.) by extensions ['ignore', 'ignore_ament_install']
[1.234s] Level 1:colcon.colcon_core.package_identification:_identify(.) by extension 'ignore'
[1.234s] Level 1:colcon.colcon_core.package_identification:_identify(.) by extension 'ignore_ament_install'
[1.235s] Level 1:colcon.colcon_core.package_identification:_identify(.) by extensions ['colcon_pkg']
[1.235s] Level 1:colcon.colcon_core.package_identification:_identify(.) by extension 'colcon_pkg'
[1.235s] Level 1:colcon.colcon_core.package_identification:_identify(.) by extensions ['colcon_meta']
[1.235s] Level 1:colcon.colcon_core.package_identification:_identify(.) by extension 'colcon_meta'
[1.235s] Level 1:colcon.colcon_core.package_identification:_identify(.) by extensions ['ros']
[1.235s] Level 1:colcon.colcon_core.package_identification:_identify(.) by extension 'ros'
[1.246s] Level 1:colcon.colcon_core.package_identification:_identify(.) by extensions ['cmake', 'python']
[1.246s] Level 1:colcon.colcon_core.package_identification:_identify(.) by extension 'cmake'
[1.246s] Level 1:colcon.colcon_core.package_identification:_identify(.) by extension 'python'
[1.246s] Level 1:colcon.colcon_core.package_identification:_identify(.) by extensions ['python_setup_py']
[1.246s] Level 1:colcon.colcon_core.package_identification:_identify(.) by extension 'python_setup_py'
[1.246s] Level 1:colcon.colcon_core.package_identification:_identify(Intro_to_ROS2_tools) by extensions ['ignore', 'ignore_ament_install']
[1.246s] Level 1:colcon.colcon_core.package_identification:_identify(Intro_to_ROS2_tools) by extension 'ignore'
[1.246s] Level 1:colcon.colcon_core.package_identification:_identify(Intro_to_ROS2_tools) by extension 'ignore_ament_install'
[1.246s] Level 1:colcon.colcon_core.package_identification:_identify(Intro_to_ROS2_tools) by extensions ['colcon_pkg']
[1.246s] Level 1:colcon.colcon_core.package_identification:_identify(Intro_to_ROS2_tools) by extension 'colcon_pkg'
[1.247s] Level 1:colcon.colcon_core.package_identification:_identify(Intro_to_ROS2_tools) by extensions ['colcon_meta']
[1.247s] Level 1:colcon.colcon_core.package_identification:_identify(Intro_to_ROS2_tools) by extension 'colcon_meta'
[1.247s] Level 1:colcon.colcon_core.package_identification:_identify(Intro_to_ROS2_tools) by extensions ['ros']
[1.247s] Level 1:colcon.colcon_core.package_identification:_identify(Intro_to_ROS2_tools) by extension 'ros'
[1.247s] Level 1:colcon.colcon_core.package_identification:_identify(Intro_to_ROS2_tools) by extensions ['cmake', 'python']
[1.247s] Level 1:colcon.colcon_core.package_identification:_identify(Intro_to_ROS2_tools) by extension 'cmake'
[1.247s] Level 1:colcon.colcon_core.package_identification:_identify(Intro_to_ROS2_tools) by extension 'python'
[1.247s] Level 1:colcon.colcon_core.package_identification:_identify(Intro_to_ROS2_tools) by extensions ['python_setup_py']
[1.247s] Level 1:colcon.colcon_core.package_identification:_identify(Intro_to_ROS2_tools) by extension 'python_setup_py'
[1.247s] Level 1:colcon.colcon_core.package_identification:_identify(ROS2_Service) by extensions ['ignore', 'ignore_ament_install']
[1.247s] Level 1:colcon.colcon_core.package_identification:_identify(ROS2_Service) by extension 'ignore'
[1.247s] Level 1:colcon.colcon_core.package_identification:_identify(ROS2_Service) by extension 'ignore_ament_install'
[1.248s] Level 1:colcon.colcon_core.package_identification:_identify(ROS2_Service) by extensions ['colcon_pkg']
[1.248s] Level 1:colcon.colcon_core.package_identification:_identify(ROS2_Service) by extension 'colcon_pkg'
[1.248s] Level 1:colcon.colcon_core.package_identification:_identify(ROS2_Service) by extensions ['colcon_meta']
[1.248s] Level 1:colcon.colcon_core.package_identification:_identify(ROS2_Service) by extension 'colcon_meta'
[1.248s] Level 1:colcon.colcon_core.package_identification:_identify(ROS2_Service) by extensions ['ros']
[1.248s] Level 1:colcon.colcon_core.package_identification:_identify(ROS2_Service) by extension 'ros'
[1.248s] Level 1:colcon.colcon_core.package_identification:_identify(ROS2_Service) by extensions ['cmake', 'python']
[1.248s] Level 1:colcon.colcon_core.package_identification:_identify(ROS2_Service) by extension 'cmake'
[1.248s] Level 1:colcon.colcon_core.package_identification:_identify(ROS2_Service) by extension 'python'
[1.248s] Level 1:colcon.colcon_core.package_identification:_identify(ROS2_Service) by extensions ['python_setup_py']
[1.248s] Level 1:colcon.colcon_core.package_identification:_identify(ROS2_Service) by extension 'python_setup_py'
[1.248s] Level 1:colcon.colcon_core.package_identification:_identify(ROS2_Topics) by extensions ['ignore', 'ignore_ament_install']
[1.248s] Level 1:colcon.colcon_core.package_identification:_identify(ROS2_Topics) by extension 'ignore'
[1.249s] Level 1:colcon.colcon_core.package_identification:_identify(ROS2_Topics) by extension 'ignore_ament_install'
[1.249s] Level 1:colcon.colcon_core.package_identification:_identify(ROS2_Topics) by extensions ['colcon_pkg']
[1.249s] Level 1:colcon.colcon_core.package_identification:_identify(ROS2_Topics) by extension 'colcon_pkg'
[1.249s] Level 1:colcon.colcon_core.package_identification:_identify(ROS2_Topics) by extensions ['colcon_meta']
[1.249s] Level 1:colcon.colcon_core.package_identification:_identify(ROS2_Topics) by extension 'colcon_meta'
[1.249s] Level 1:colcon.colcon_core.package_identification:_identify(ROS2_Topics) by extensions ['ros']
[1.249s] Level 1:colcon.colcon_core.package_identification:_identify(ROS2_Topics) by extension 'ros'
[1.249s] Level 1:colcon.colcon_core.package_identification:_identify(ROS2_Topics) by extensions ['cmake', 'python']
[1.249s] Level 1:colcon.colcon_core.package_identification:_identify(ROS2_Topics) by extension 'cmake'
[1.249s] Level 1:colcon.colcon_core.package_identification:_identify(ROS2_Topics) by extension 'python'
[1.249s] Level 1:colcon.colcon_core.package_identification:_identify(ROS2_Topics) by extensions ['python_setup_py']
[1.249s] Level 1:colcon.colcon_core.package_identification:_identify(ROS2_Topics) by extension 'python_setup_py'
[1.249s] Level 1:colcon.colcon_core.package_identification:_identify(Src) by extensions ['ignore', 'ignore_ament_install']
[1.250s] Level 1:colcon.colcon_core.package_identification:_identify(Src) by extension 'ignore'
[1.250s] Level 1:colcon.colcon_core.package_identification:_identify(Src) by extension 'ignore_ament_install'
[1.250s] Level 1:colcon.colcon_core.package_identification:_identify(Src) by extensions ['colcon_pkg']
[1.250s] Level 1:colcon.colcon_core.package_identification:_identify(Src) by extension 'colcon_pkg'
[1.250s] Level 1:colcon.colcon_core.package_identification:_identify(Src) by extensions ['colcon_meta']
[1.250s] Level 1:colcon.colcon_core.package_identification:_identify(Src) by extension 'colcon_meta'
[1.250s] Level 1:colcon.colcon_core.package_identification:_identify(Src) by extensions ['ros']
[1.250s] Level 1:colcon.colcon_core.package_identification:_identify(Src) by extension 'ros'
[1.250s] Level 1:colcon.colcon_core.package_identification:_identify(Src) by extensions ['cmake', 'python']
[1.250s] Level 1:colcon.colcon_core.package_identification:_identify(Src) by extension 'cmake'
[1.250s] Level 1:colcon.colcon_core.package_identification:_identify(Src) by extension 'python'
[1.250s] Level 1:colcon.colcon_core.package_identification:_identify(Src) by extensions ['python_setup_py']
[1.250s] Level 1:colcon.colcon_core.package_identification:_identify(Src) by extension 'python_setup_py'
[1.251s] Level 1:colcon.colcon_core.package_identification:_identify(Src/build) by extensions ['ignore', 'ignore_ament_install']
[1.251s] Level 1:colcon.colcon_core.package_identification:_identify(Src/build) by extension 'ignore'
[1.251s] Level 1:colcon.colcon_core.package_identification:_identify(Src/build) ignored
[1.251s] Level 1:colcon.colcon_core.package_identification:_identify(Src/install) by extensions ['ignore', 'ignore_ament_install']
[1.251s] Level 1:colcon.colcon_core.package_identification:_identify(Src/install) by extension 'ignore'
[1.251s] Level 1:colcon.colcon_core.package_identification:_identify(Src/install) ignored
[1.251s] Level 1:colcon.colcon_core.package_identification:_identify(Src/log) by extensions ['ignore', 'ignore_ament_install']
[1.251s] Level 1:colcon.colcon_core.package_identification:_identify(Src/log) by extension 'ignore'
[1.252s] Level 1:colcon.colcon_core.package_identification:_identify(Src/log) ignored
[1.252s] Level 1:colcon.colcon_core.package_identification:_identify(Src/my_py_pkg) by extensions ['ignore', 'ignore_ament_install']
[1.252s] Level 1:colcon.colcon_core.package_identification:_identify(Src/my_py_pkg) by extension 'ignore'
[1.252s] Level 1:colcon.colcon_core.package_identification:_identify(Src/my_py_pkg) by extension 'ignore_ament_install'
[1.252s] Level 1:colcon.colcon_core.package_identification:_identify(Src/my_py_pkg) by extensions ['colcon_pkg']
[1.252s] Level 1:colcon.colcon_core.package_identification:_identify(Src/my_py_pkg) by extension 'colcon_pkg'
[1.252s] Level 1:colcon.colcon_core.package_identification:_identify(Src/my_py_pkg) by extensions ['colcon_meta']
[1.252s] Level 1:colcon.colcon_core.package_identification:_identify(Src/my_py_pkg) by extension 'colcon_meta'
[1.252s] Level 1:colcon.colcon_core.package_identification:_identify(Src/my_py_pkg) by extensions ['ros']
[1.252s] Level 1:colcon.colcon_core.package_identification:_identify(Src/my_py_pkg) by extension 'ros'
[1.256s] DEBUG:colcon.colcon_core.package_identification:Package 'Src/my_py_pkg' with type 'ros.ament_python' and name 'my_py_pkg'
[1.256s] Level 1:colcon.colcon_core.package_identification:_identify(Src/my_py_pkg_project) by extensions ['ignore', 'ignore_ament_install']
[1.256s] Level 1:colcon.colcon_core.package_identification:_identify(Src/my_py_pkg_project) by extension 'ignore'
[1.256s] Level 1:colcon.colcon_core.package_identification:_identify(Src/my_py_pkg_project) by extension 'ignore_ament_install'
[1.256s] Level 1:colcon.colcon_core.package_identification:_identify(Src/my_py_pkg_project) by extensions ['colcon_pkg']
[1.257s] Level 1:colcon.colcon_core.package_identification:_identify(Src/my_py_pkg_project) by extension 'colcon_pkg'
[1.257s] Level 1:colcon.colcon_core.package_identification:_identify(Src/my_py_pkg_project) by extensions ['colcon_meta']
[1.257s] Level 1:colcon.colcon_core.package_identification:_identify(Src/my_py_pkg_project) by extension 'colcon_meta'
[1.257s] Level 1:colcon.colcon_core.package_identification:_identify(Src/my_py_pkg_project) by extensions ['ros']
[1.257s] Level 1:colcon.colcon_core.package_identification:_identify(Src/my_py_pkg_project) by extension 'ros'
[1.258s] DEBUG:colcon.colcon_core.package_identification:Package 'Src/my_py_pkg_project' with type 'ros.ament_python' and name 'my_py_pkg_project'
[1.258s] Level 1:colcon.colcon_core.package_identification:_identify(build) by extensions ['ignore', 'ignore_ament_install']
[1.258s] Level 1:colcon.colcon_core.package_identification:_identify(build) by extension 'ignore'
[1.258s] Level 1:colcon.colcon_core.package_identification:_identify(build) ignored
[1.258s] Level 1:colcon.colcon_core.package_identification:_identify(install) by extensions ['ignore', 'ignore_ament_install']
[1.258s] Level 1:colcon.colcon_core.package_identification:_identify(install) by extension 'ignore'
[1.258s] Level 1:colcon.colcon_core.package_identification:_identify(install) ignored
[1.258s] Level 1:colcon.colcon_core.package_identification:_identify(log) by extensions ['ignore', 'ignore_ament_install']
[1.259s] Level 1:colcon.colcon_core.package_identification:_identify(log) by extension 'ignore'
[1.259s] Level 1:colcon.colcon_core.package_identification:_identify(log) ignored
[1.259s] Level 1:colcon.colcon_core.package_identification:_identify(src) by extensions ['ignore', 'ignore_ament_install']
[1.259s] Level 1:colcon.colcon_core.package_identification:_identify(src) by extension 'ignore'
[1.259s] Level 1:colcon.colcon_core.package_identification:_identify(src) by extension 'ignore_ament_install'
[1.259s] Level 1:colcon.colcon_core.package_identification:_identify(src) by extensions ['colcon_pkg']
[1.259s] Level 1:colcon.colcon_core.package_identification:_identify(src) by extension 'colcon_pkg'
[1.259s] Level 1:colcon.colcon_core.package_identification:_identify(src) by extensions ['colcon_meta']
[1.259s] Level 1:colcon.colcon_core.package_identification:_identify(src) by extension 'colcon_meta'
[1.259s] Level 1:colcon.colcon_core.package_identification:_identify(src) by extensions ['ros']
[1.259s] Level 1:colcon.colcon_core.package_identification:_identify(src) by extension 'ros'
[1.259s] Level 1:colcon.colcon_core.package_identification:_identify(src) by extensions ['cmake', 'python']
[1.259s] Level 1:colcon.colcon_core.package_identification:_identify(src) by extension 'cmake'
[1.259s] Level 1:colcon.colcon_core.package_identification:_identify(src) by extension 'python'
[1.259s] Level 1:colcon.colcon_core.package_identification:_identify(src) by extensions ['python_setup_py']
[1.259s] Level 1:colcon.colcon_core.package_identification:_identify(src) by extension 'python_setup_py'
[1.259s] Level 1:colcon.colcon_core.package_identification:_identify(src/my_cp_pkg) by extensions ['ignore', 'ignore_ament_install']
[1.260s] Level 1:colcon.colcon_core.package_identification:_identify(src/my_cp_pkg) by extension 'ignore'
[1.260s] Level 1:colcon.colcon_core.package_identification:_identify(src/my_cp_pkg) by extension 'ignore_ament_install'
[1.260s] Level 1:colcon.colcon_core.package_identification:_identify(src/my_cp_pkg) by extensions ['colcon_pkg']
[1.260s] Level 1:colcon.colcon_core.package_identification:_identify(src/my_cp_pkg) by extension 'colcon_pkg'
[1.260s] Level 1:colcon.colcon_core.package_identification:_identify(src/my_cp_pkg) by extensions ['colcon_meta']
[1.260s] Level 1:colcon.colcon_core.package_identification:_identify(src/my_cp_pkg) by extension 'colcon_meta'
[1.260s] Level 1:colcon.colcon_core.package_identification:_identify(src/my_cp_pkg) by extensions ['ros']
[1.260s] Level 1:colcon.colcon_core.package_identification:_identify(src/my_cp_pkg) by extension 'ros'
[1.261s] DEBUG:colcon.colcon_core.package_identification:Package 'src/my_cp_pkg' with type 'ros.ament_cmake' and name 'my_cp_pkg'
[1.261s] Level 1:colcon.colcon_core.package_discovery:discover_packages(recursive) using defaults
[1.261s] Level 1:colcon.colcon_core.package_discovery:discover_packages(ignore) discover
[1.261s] Level 1:colcon.colcon_core.package_discovery:discover_packages(ignore) using defaults
[1.261s] Level 1:colcon.colcon_core.package_discovery:discover_packages(path) discover
[1.261s] Level 1:colcon.colcon_core.package_discovery:discover_packages(path) using defaults
[1.337s] INFO:colcon.colcon_core.package_selection:Skipping not selected package 'my_py_pkg' in 'Src/my_py_pkg'
[1.337s] INFO:colcon.colcon_core.package_selection:Skipping not selected package 'my_py_pkg_project' in 'Src/my_py_pkg_project'
[1.370s] Level 1:colcon.colcon_core.package_discovery:discover_packages(prefix_path) check parameters
[1.370s] Level 1:colcon.colcon_core.package_discovery:discover_packages(prefix_path) discover
[1.404s] DEBUG:colcon.colcon_installed_package_information.package_discovery:Found 3 installed packages in /home/emon/development/ros2_begginers/install
[1.422s] DEBUG:colcon.colcon_installed_package_information.package_discovery:Found 386 installed packages in /opt/ros/humble
[1.434s] Level 1:colcon.colcon_core.package_discovery:discover_packages(prefix_path) using defaults
[1.562s] Level 5:colcon.colcon_core.verb:set package 'my_cp_pkg' build argument 'cmake_args' from command line to 'None'
[1.562s] Level 5:colcon.colcon_core.verb:set package 'my_cp_pkg' build argument 'cmake_target' from command line to 'None'
[1.562s] Level 5:colcon.colcon_core.verb:set package 'my_cp_pkg' build argument 'cmake_target_skip_unavailable' from command line to 'False'
[1.562s] Level 5:colcon.colcon_core.verb:set package 'my_cp_pkg' build argument 'cmake_clean_cache' from command line to 'False'
[1.562s] Level 5:colcon.colcon_core.verb:set package 'my_cp_pkg' build argument 'cmake_clean_first' from command line to 'False'
[1.562s] Level 5:colcon.colcon_core.verb:set package 'my_cp_pkg' build argument 'cmake_force_configure' from command line to 'False'
[1.562s] Level 5:colcon.colcon_core.verb:set package 'my_cp_pkg' build argument 'ament_cmake_args' from command line to 'None'
[1.562s] Level 5:colcon.colcon_core.verb:set package 'my_cp_pkg' build argument 'catkin_cmake_args' from command line to 'None'
[1.562s] Level 5:colcon.colcon_core.verb:set package 'my_cp_pkg' build argument 'catkin_skip_building_tests' from command line to 'False'
[1.562s] DEBUG:colcon.colcon_core.verb:Building package 'my_cp_pkg' with the following arguments: {'ament_cmake_args': None, 'build_base': '/home/emon/development/ros2_begginers/build/my_cp_pkg', 'catkin_cmake_args': None, 'catkin_skip_building_tests': False, 'cmake_args': None, 'cmake_clean_cache': False, 'cmake_clean_first': False, 'cmake_force_configure': False, 'cmake_target': None, 'cmake_target_skip_unavailable': False, 'install_base': '/home/emon/development/ros2_begginers/install/my_cp_pkg', 'merge_install': False, 'path': '/home/emon/development/ros2_begginers/src/my_cp_pkg', 'symlink_install': False, 'test_result_base': None}
[1.579s] INFO:colcon.colcon_core.executor:Executing jobs using 'parallel' executor
[1.596s] DEBUG:colcon.colcon_parallel_executor.executor.parallel:run_until_complete
[1.597s] INFO:colcon.colcon_ros.task.ament_cmake.build:Building ROS package in '/home/emon/development/ros2_begginers/src/my_cp_pkg' with build type 'ament_cmake'
[1.597s] INFO:colcon.colcon_cmake.task.cmake.build:Building CMake package in '/home/emon/development/ros2_begginers/src/my_cp_pkg'
[1.616s] INFO:colcon.colcon_core.plugin_system:Skipping extension 'colcon_core.shell.bat': Not used on non-Windows systems
[1.616s] INFO:colcon.colcon_core.shell:Skip shell extension 'powershell' for command environment: Not usable outside of PowerShell
[1.616s] DEBUG:colcon.colcon_core.shell:Skip shell extension 'dsv' for command environment
[1.681s] DEBUG:colcon.colcon_core.event_handler.log_command:Invoking command in '/home/emon/development/ros2_begginers/build/my_cp_pkg': CMAKE_PREFIX_PATH=${CMAKE_PREFIX_PATH}:/home/emon/development/ros2_begginers/install/my_py_pkg_project:/home/emon/development/ros2_begginers/install/my_py_pkg:/opt/ros/humble /usr/bin/cmake --build /home/emon/development/ros2_begginers/build/my_cp_pkg -- -j8 -l8
[9.291s] DEBUG:colcon.colcon_core.event_handler.log_command:Invoked command in '/home/emon/development/ros2_begginers/build/my_cp_pkg' returned '0': CMAKE_PREFIX_PATH=${CMAKE_PREFIX_PATH}:/home/emon/development/ros2_begginers/install/my_py_pkg_project:/home/emon/development/ros2_begginers/install/my_py_pkg:/opt/ros/humble /usr/bin/cmake --build /home/emon/development/ros2_begginers/build/my_cp_pkg -- -j8 -l8
[9.346s] DEBUG:colcon.colcon_core.event_handler.log_command:Invoking command in '/home/emon/development/ros2_begginers/build/my_cp_pkg': CMAKE_PREFIX_PATH=${CMAKE_PREFIX_PATH}:/home/emon/development/ros2_begginers/install/my_py_pkg_project:/home/emon/development/ros2_begginers/install/my_py_pkg:/opt/ros/humble /usr/bin/cmake --install /home/emon/development/ros2_begginers/build/my_cp_pkg
[9.363s] Level 1:colcon.colcon_core.environment:create_environment_scripts_only(my_cp_pkg)
[9.364s] DEBUG:colcon.colcon_core.event_handler.log_command:Invoked command in '/home/emon/development/ros2_begginers/build/my_cp_pkg' returned '0': CMAKE_PREFIX_PATH=${CMAKE_PREFIX_PATH}:/home/emon/development/ros2_begginers/install/my_py_pkg_project:/home/emon/development/ros2_begginers/install/my_py_pkg:/opt/ros/humble /usr/bin/cmake --install /home/emon/development/ros2_begginers/build/my_cp_pkg
[9.392s] Level 1:colcon.colcon_core.environment:checking '/home/emon/development/ros2_begginers/install/my_cp_pkg' for CMake module files
[9.392s] Level 1:colcon.colcon_core.environment:checking '/home/emon/development/ros2_begginers/install/my_cp_pkg' for CMake config files
[9.393s] Level 1:colcon.colcon_core.shell:create_environment_hook('my_cp_pkg', 'cmake_prefix_path')
[9.415s] INFO:colcon.colcon_core.shell:Creating environment hook '/home/emon/development/ros2_begginers/install/my_cp_pkg/share/my_cp_pkg/hook/cmake_prefix_path.ps1'
[9.416s] INFO:colcon.colcon_core.shell:Creating environment descriptor '/home/emon/development/ros2_begginers/install/my_cp_pkg/share/my_cp_pkg/hook/cmake_prefix_path.dsv'
[9.416s] INFO:colcon.colcon_core.shell:Creating environment hook '/home/emon/development/ros2_begginers/install/my_cp_pkg/share/my_cp_pkg/hook/cmake_prefix_path.sh'
[9.418s] Level 1:colcon.colcon_core.environment:checking '/home/emon/development/ros2_begginers/install/my_cp_pkg/lib'
[9.419s] Level 1:colcon.colcon_core.environment:checking '/home/emon/development/ros2_begginers/install/my_cp_pkg/bin'
[9.419s] Level 1:colcon.colcon_core.environment:checking '/home/emon/development/ros2_begginers/install/my_cp_pkg/lib/pkgconfig/my_cp_pkg.pc'
[9.419s] Level 1:colcon.colcon_core.environment:checking '/home/emon/development/ros2_begginers/install/my_cp_pkg/lib/python3.10/site-packages'
[9.419s] Level 1:colcon.colcon_core.environment:checking '/home/emon/development/ros2_begginers/install/my_cp_pkg/bin'
[9.442s] INFO:colcon.colcon_core.shell:Creating package script '/home/emon/development/ros2_begginers/install/my_cp_pkg/share/my_cp_pkg/package.ps1'
[9.443s] INFO:colcon.colcon_core.shell:Creating package descriptor '/home/emon/development/ros2_begginers/install/my_cp_pkg/share/my_cp_pkg/package.dsv'
[9.444s] INFO:colcon.colcon_core.shell:Creating package script '/home/emon/development/ros2_begginers/install/my_cp_pkg/share/my_cp_pkg/package.sh'
[9.445s] INFO:colcon.colcon_core.shell:Creating package script '/home/emon/development/ros2_begginers/install/my_cp_pkg/share/my_cp_pkg/package.bash'
[9.446s] INFO:colcon.colcon_core.shell:Creating package script '/home/emon/development/ros2_begginers/install/my_cp_pkg/share/my_cp_pkg/package.zsh'
[9.447s] Level 1:colcon.colcon_core.environment:create_file_with_runtime_dependencies(/home/emon/development/ros2_begginers/install/my_cp_pkg/share/colcon-core/packages/my_cp_pkg)
[9.513s] Level 1:colcon.colcon_core.environment:create_environment_scripts_only(my_cp_pkg)
[9.534s] Level 1:colcon.colcon_core.environment:checking '/home/emon/development/ros2_begginers/install/my_cp_pkg' for CMake module files
[9.535s] Level 1:colcon.colcon_core.environment:checking '/home/emon/development/ros2_begginers/install/my_cp_pkg' for CMake config files
[9.535s] Level 1:colcon.colcon_core.shell:create_environment_hook('my_cp_pkg', 'cmake_prefix_path')
[9.555s] INFO:colcon.colcon_core.shell:Creating environment hook '/home/emon/development/ros2_begginers/install/my_cp_pkg/share/my_cp_pkg/hook/cmake_prefix_path.ps1'
[9.556s] INFO:colcon.colcon_core.shell:Creating environment descriptor '/home/emon/development/ros2_begginers/install/my_cp_pkg/share/my_cp_pkg/hook/cmake_prefix_path.dsv'
[9.557s] INFO:colcon.colcon_core.shell:Creating environment hook '/home/emon/development/ros2_begginers/install/my_cp_pkg/share/my_cp_pkg/hook/cmake_prefix_path.sh'
[9.558s] Level 1:colcon.colcon_core.environment:checking '/home/emon/development/ros2_begginers/install/my_cp_pkg/lib'
[9.558s] Level 1:colcon.colcon_core.environment:checking '/home/emon/development/ros2_begginers/install/my_cp_pkg/bin'
[9.558s] Level 1:colcon.colcon_core.environment:checking '/home/emon/development/ros2_begginers/install/my_cp_pkg/lib/pkgconfig/my_cp_pkg.pc'
[9.558s] Level 1:colcon.colcon_core.environment:checking '/home/emon/development/ros2_begginers/install/my_cp_pkg/lib/python3.10/site-packages'
[9.559s] Level 1:colcon.colcon_core.environment:checking '/home/emon/development/ros2_begginers/install/my_cp_pkg/bin'
[9.581s] INFO:colcon.colcon_core.shell:Creating package script '/home/emon/development/ros2_begginers/install/my_cp_pkg/share/my_cp_pkg/package.ps1'
[9.582s] INFO:colcon.colcon_core.shell:Creating package descriptor '/home/emon/development/ros2_begginers/install/my_cp_pkg/share/my_cp_pkg/package.dsv'
[9.583s] INFO:colcon.colcon_core.shell:Creating package script '/home/emon/development/ros2_begginers/install/my_cp_pkg/share/my_cp_pkg/package.sh'
[9.583s] INFO:colcon.colcon_core.shell:Creating package script '/home/emon/development/ros2_begginers/install/my_cp_pkg/share/my_cp_pkg/package.bash'
[9.584s] INFO:colcon.colcon_core.shell:Creating package script '/home/emon/development/ros2_begginers/install/my_cp_pkg/share/my_cp_pkg/package.zsh'
[9.584s] Level 1:colcon.colcon_core.environment:create_file_with_runtime_dependencies(/home/emon/development/ros2_begginers/install/my_cp_pkg/share/colcon-core/packages/my_cp_pkg)
[9.585s] DEBUG:colcon.colcon_parallel_executor.executor.parallel:closing loop
[9.585s] DEBUG:colcon.colcon_parallel_executor.executor.parallel:loop closed
[9.586s] DEBUG:colcon.colcon_parallel_executor.executor.parallel:run_until_complete finished with '0'
[9.586s] DEBUG:colcon.colcon_core.event_reactor:joining thread
[9.618s] INFO:colcon.colcon_core.plugin_system:Skipping extension 'colcon_notification.desktop_notification.terminal_notifier': Not used on non-Darwin systems
[9.618s] INFO:colcon.colcon_core.plugin_system:Skipping extension 'colcon_notification.desktop_notification.win32': Not used on non-Windows systems
[9.619s] INFO:colcon.colcon_notification.desktop_notification:Sending desktop notification using 'notify2'
[9.635s] DEBUG:colcon.colcon_core.event_reactor:joined thread
[9.656s] INFO:colcon.colcon_core.shell:Creating prefix script '/home/emon/development/ros2_begginers/install/local_setup.ps1'
[9.658s] INFO:colcon.colcon_core.shell:Creating prefix util module '/home/emon/development/ros2_begginers/install/_local_setup_util_ps1.py'
[9.661s] INFO:colcon.colcon_core.shell:Creating prefix chain script '/home/emon/development/ros2_begginers/install/setup.ps1'
[9.684s] INFO:colcon.colcon_core.shell:Creating prefix script '/home/emon/development/ros2_begginers/install/local_setup.sh'
[9.685s] INFO:colcon.colcon_core.shell:Creating prefix util module '/home/emon/development/ros2_begginers/install/_local_setup_util_sh.py'
[9.685s] INFO:colcon.colcon_core.shell:Creating prefix chain script '/home/emon/development/ros2_begginers/install/setup.sh'
[9.710s] INFO:colcon.colcon_core.shell:Creating prefix script '/home/emon/development/ros2_begginers/install/local_setup.bash'
[9.710s] INFO:colcon.colcon_core.shell:Creating prefix chain script '/home/emon/development/ros2_begginers/install/setup.bash'
[9.733s] INFO:colcon.colcon_core.shell:Creating prefix script '/home/emon/development/ros2_begginers/install/local_setup.zsh'
[9.734s] INFO:colcon.colcon_core.shell:Creating prefix chain script '/home/emon/development/ros2_begginers/install/setup.zsh'
