[0.884s] Invoking command in '/home/emon/development/ros2_begginers/build/my_py_pkg': PYTHONPATH=/home/emon/development/ros2_begginers/build/my_py_pkg/prefix_override:/home/emon/development/ros2_begginers/install/my_py_pkg/lib/python3.10/site-packages:${PYTHONPATH} /usr/bin/python3 setup.py develop --editable --build-directory /home/emon/development/ros2_begginers/build/my_py_pkg/build --no-deps install_data
[1.191s] running develop
[1.383s] running egg_info
[1.384s] writing my_py_pkg.egg-info/PKG-INFO
[1.384s] writing dependency_links to my_py_pkg.egg-info/dependency_links.txt
[1.384s] writing entry points to my_py_pkg.egg-info/entry_points.txt
[1.384s] writing requirements to my_py_pkg.egg-info/requires.txt
[1.384s] writing top-level names to my_py_pkg.egg-info/top_level.txt
[1.387s] reading manifest file 'my_py_pkg.egg-info/SOURCES.txt'
[1.388s] writing manifest file 'my_py_pkg.egg-info/SOURCES.txt'
[1.390s] running build_ext
[1.390s] Creating /home/emon/development/ros2_begginers/install/my_py_pkg/lib/python3.10/site-packages/my-py-pkg.egg-link (link to .)
[1.391s] Installing add_two_ints_client_no_oop script to /home/emon/development/ros2_begginers/install/my_py_pkg/lib/my_py_pkg
[1.391s] Installing add_two_ints_server script to /home/emon/development/ros2_begginers/install/my_py_pkg/lib/my_py_pkg
[1.391s] Installing number_counter script to /home/emon/development/ros2_begginers/install/my_py_pkg/lib/my_py_pkg
[1.391s] Installing number_publisher script to /home/emon/development/ros2_begginers/install/my_py_pkg/lib/my_py_pkg
[1.391s] Installing py_node script to /home/emon/development/ros2_begginers/install/my_py_pkg/lib/my_py_pkg
[1.392s] Installing robot_news_station script to /home/emon/development/ros2_begginers/install/my_py_pkg/lib/my_py_pkg
[1.392s] Installing smartphone script to /home/emon/development/ros2_begginers/install/my_py_pkg/lib/my_py_pkg
[1.392s] 
[1.392s] Installed /home/emon/development/ros2_begginers/build/my_py_pkg
[1.392s] running install_data
[1.427s] Invoked command in '/home/emon/development/ros2_begginers/build/my_py_pkg' returned '0': PYTHONPATH=/home/emon/development/ros2_begginers/build/my_py_pkg/prefix_override:/home/emon/development/ros2_begginers/install/my_py_pkg/lib/python3.10/site-packages:${PYTHONPATH} /usr/bin/python3 setup.py develop --editable --build-directory /home/emon/development/ros2_begginers/build/my_py_pkg/build --no-deps install_data
