[2.259s] DEBUG:colcon:Command line arguments: ['/usr/bin/colcon', 'build', '--packages-select', 'my_py_pkg']
[2.259s] DEBUG:colcon:Parsed command line arguments: Namespace(log_base=None, log_level=None, verb_name='build', build_base='build', install_base='install', merge_install=False, symlink_install=False, test_result_base=None, continue_on_error=False, executor='parallel', parallel_workers=8, event_handlers=None, ignore_user_meta=False, metas=['./colcon.meta'], base_paths=['.'], packages_ignore=None, packages_ignore_regex=None, paths=None, packages_up_to=None, packages_up_to_regex=None, packages_above=None, packages_above_and_dependencies=None, packages_above_depth=None, packages_select_by_dep=None, packages_skip_by_dep=None, packages_skip_up_to=None, packages_select_build_failed=False, packages_skip_build_finished=False, packages_select_test_failures=False, packages_skip_test_passed=False, packages_select=['my_py_pkg'], packages_skip=None, packages_select_regex=None, packages_skip_regex=None, packages_start=None, packages_end=None, allow_overriding=[], cmake_args=None, cmake_target=None, cmake_target_skip_unavailable=False, cmake_clean_cache=False, cmake_clean_first=False, cmake_force_configure=False, ament_cmake_args=None, catkin_cmake_args=None, catkin_skip_building_tests=False, verb_parser=<colcon_defaults.argument_parser.defaults.DefaultArgumentsDecorator object at 0x7f4de7a2d750>, verb_extension=<colcon_core.verb.build.BuildVerb object at 0x7f4de7a2c640>, main=<bound method BuildVerb.main of <colcon_core.verb.build.BuildVerb object at 0x7f4de7a2c640>>)
[2.388s] Level 1:colcon.colcon_core.package_discovery:discover_packages(colcon_meta) check parameters
[2.388s] Level 1:colcon.colcon_core.package_discovery:discover_packages(recursive) check parameters
[2.388s] Level 1:colcon.colcon_core.package_discovery:discover_packages(ignore) check parameters
[2.389s] Level 1:colcon.colcon_core.package_discovery:discover_packages(path) check parameters
[2.389s] Level 1:colcon.colcon_core.package_discovery:discover_packages(colcon_meta) discover
[2.389s] Level 1:colcon.colcon_core.package_discovery:discover_packages(recursive) discover
[2.389s] INFO:colcon.colcon_core.package_discovery:Crawling recursively for packages in '/home/emon/development/ros2_begginers'
[2.389s] Level 1:colcon.colcon_core.package_identification:_identify(.) by extensions ['ignore', 'ignore_ament_install']
[2.389s] Level 1:colcon.colcon_core.package_identification:_identify(.) by extension 'ignore'
[2.389s] Level 1:colcon.colcon_core.package_identification:_identify(.) by extension 'ignore_ament_install'
[2.390s] Level 1:colcon.colcon_core.package_identification:_identify(.) by extensions ['colcon_pkg']
[2.390s] Level 1:colcon.colcon_core.package_identification:_identify(.) by extension 'colcon_pkg'
[2.390s] Level 1:colcon.colcon_core.package_identification:_identify(.) by extensions ['colcon_meta']
[2.390s] Level 1:colcon.colcon_core.package_identification:_identify(.) by extension 'colcon_meta'
[2.390s] Level 1:colcon.colcon_core.package_identification:_identify(.) by extensions ['ros']
[2.390s] Level 1:colcon.colcon_core.package_identification:_identify(.) by extension 'ros'
[2.417s] Level 1:colcon.colcon_core.package_identification:_identify(.) by extensions ['cmake', 'python']
[2.417s] Level 1:colcon.colcon_core.package_identification:_identify(.) by extension 'cmake'
[2.417s] Level 1:colcon.colcon_core.package_identification:_identify(.) by extension 'python'
[2.417s] Level 1:colcon.colcon_core.package_identification:_identify(.) by extensions ['python_setup_py']
[2.418s] Level 1:colcon.colcon_core.package_identification:_identify(.) by extension 'python_setup_py'
[2.418s] Level 1:colcon.colcon_core.package_identification:_identify(Intro_to_ROS2_tools) by extensions ['ignore', 'ignore_ament_install']
[2.418s] Level 1:colcon.colcon_core.package_identification:_identify(Intro_to_ROS2_tools) by extension 'ignore'
[2.418s] Level 1:colcon.colcon_core.package_identification:_identify(Intro_to_ROS2_tools) by extension 'ignore_ament_install'
[2.418s] Level 1:colcon.colcon_core.package_identification:_identify(Intro_to_ROS2_tools) by extensions ['colcon_pkg']
[2.418s] Level 1:colcon.colcon_core.package_identification:_identify(Intro_to_ROS2_tools) by extension 'colcon_pkg'
[2.418s] Level 1:colcon.colcon_core.package_identification:_identify(Intro_to_ROS2_tools) by extensions ['colcon_meta']
[2.418s] Level 1:colcon.colcon_core.package_identification:_identify(Intro_to_ROS2_tools) by extension 'colcon_meta'
[2.419s] Level 1:colcon.colcon_core.package_identification:_identify(Intro_to_ROS2_tools) by extensions ['ros']
[2.419s] Level 1:colcon.colcon_core.package_identification:_identify(Intro_to_ROS2_tools) by extension 'ros'
[2.419s] Level 1:colcon.colcon_core.package_identification:_identify(Intro_to_ROS2_tools) by extensions ['cmake', 'python']
[2.419s] Level 1:colcon.colcon_core.package_identification:_identify(Intro_to_ROS2_tools) by extension 'cmake'
[2.419s] Level 1:colcon.colcon_core.package_identification:_identify(Intro_to_ROS2_tools) by extension 'python'
[2.419s] Level 1:colcon.colcon_core.package_identification:_identify(Intro_to_ROS2_tools) by extensions ['python_setup_py']
[2.419s] Level 1:colcon.colcon_core.package_identification:_identify(Intro_to_ROS2_tools) by extension 'python_setup_py'
[2.419s] Level 1:colcon.colcon_core.package_identification:_identify(Src) by extensions ['ignore', 'ignore_ament_install']
[2.420s] Level 1:colcon.colcon_core.package_identification:_identify(Src) by extension 'ignore'
[2.420s] Level 1:colcon.colcon_core.package_identification:_identify(Src) by extension 'ignore_ament_install'
[2.420s] Level 1:colcon.colcon_core.package_identification:_identify(Src) by extensions ['colcon_pkg']
[2.420s] Level 1:colcon.colcon_core.package_identification:_identify(Src) by extension 'colcon_pkg'
[2.420s] Level 1:colcon.colcon_core.package_identification:_identify(Src) by extensions ['colcon_meta']
[2.420s] Level 1:colcon.colcon_core.package_identification:_identify(Src) by extension 'colcon_meta'
[2.420s] Level 1:colcon.colcon_core.package_identification:_identify(Src) by extensions ['ros']
[2.420s] Level 1:colcon.colcon_core.package_identification:_identify(Src) by extension 'ros'
[2.420s] Level 1:colcon.colcon_core.package_identification:_identify(Src) by extensions ['cmake', 'python']
[2.421s] Level 1:colcon.colcon_core.package_identification:_identify(Src) by extension 'cmake'
[2.421s] Level 1:colcon.colcon_core.package_identification:_identify(Src) by extension 'python'
[2.421s] Level 1:colcon.colcon_core.package_identification:_identify(Src) by extensions ['python_setup_py']
[2.421s] Level 1:colcon.colcon_core.package_identification:_identify(Src) by extension 'python_setup_py'
[2.421s] Level 1:colcon.colcon_core.package_identification:_identify(Src/my_py_pkg) by extensions ['ignore', 'ignore_ament_install']
[2.421s] Level 1:colcon.colcon_core.package_identification:_identify(Src/my_py_pkg) by extension 'ignore'
[2.421s] Level 1:colcon.colcon_core.package_identification:_identify(Src/my_py_pkg) by extension 'ignore_ament_install'
[2.422s] Level 1:colcon.colcon_core.package_identification:_identify(Src/my_py_pkg) by extensions ['colcon_pkg']
[2.422s] Level 1:colcon.colcon_core.package_identification:_identify(Src/my_py_pkg) by extension 'colcon_pkg'
[2.422s] Level 1:colcon.colcon_core.package_identification:_identify(Src/my_py_pkg) by extensions ['colcon_meta']
[2.422s] Level 1:colcon.colcon_core.package_identification:_identify(Src/my_py_pkg) by extension 'colcon_meta'
[2.422s] Level 1:colcon.colcon_core.package_identification:_identify(Src/my_py_pkg) by extensions ['ros']
[2.422s] Level 1:colcon.colcon_core.package_identification:_identify(Src/my_py_pkg) by extension 'ros'
[2.428s] DEBUG:colcon.colcon_core.package_identification:Package 'Src/my_py_pkg' with type 'ros.ament_python' and name 'my_py_pkg'
[2.428s] Level 1:colcon.colcon_core.package_identification:_identify(build) by extensions ['ignore', 'ignore_ament_install']
[2.429s] Level 1:colcon.colcon_core.package_identification:_identify(build) by extension 'ignore'
[2.429s] Level 1:colcon.colcon_core.package_identification:_identify(build) ignored
[2.429s] Level 1:colcon.colcon_core.package_identification:_identify(install) by extensions ['ignore', 'ignore_ament_install']
[2.429s] Level 1:colcon.colcon_core.package_identification:_identify(install) by extension 'ignore'
[2.429s] Level 1:colcon.colcon_core.package_identification:_identify(install) ignored
[2.430s] Level 1:colcon.colcon_core.package_identification:_identify(log) by extensions ['ignore', 'ignore_ament_install']
[2.430s] Level 1:colcon.colcon_core.package_identification:_identify(log) by extension 'ignore'
[2.430s] Level 1:colcon.colcon_core.package_identification:_identify(log) ignored
[2.430s] Level 1:colcon.colcon_core.package_identification:_identify(src) by extensions ['ignore', 'ignore_ament_install']
[2.430s] Level 1:colcon.colcon_core.package_identification:_identify(src) by extension 'ignore'
[2.431s] Level 1:colcon.colcon_core.package_identification:_identify(src) by extension 'ignore_ament_install'
[2.431s] Level 1:colcon.colcon_core.package_identification:_identify(src) by extensions ['colcon_pkg']
[2.431s] Level 1:colcon.colcon_core.package_identification:_identify(src) by extension 'colcon_pkg'
[2.431s] Level 1:colcon.colcon_core.package_identification:_identify(src) by extensions ['colcon_meta']
[2.431s] Level 1:colcon.colcon_core.package_identification:_identify(src) by extension 'colcon_meta'
[2.431s] Level 1:colcon.colcon_core.package_identification:_identify(src) by extensions ['ros']
[2.431s] Level 1:colcon.colcon_core.package_identification:_identify(src) by extension 'ros'
[2.431s] Level 1:colcon.colcon_core.package_identification:_identify(src) by extensions ['cmake', 'python']
[2.431s] Level 1:colcon.colcon_core.package_identification:_identify(src) by extension 'cmake'
[2.431s] Level 1:colcon.colcon_core.package_identification:_identify(src) by extension 'python'
[2.432s] Level 1:colcon.colcon_core.package_identification:_identify(src) by extensions ['python_setup_py']
[2.432s] Level 1:colcon.colcon_core.package_identification:_identify(src) by extension 'python_setup_py'
[2.432s] Level 1:colcon.colcon_core.package_identification:_identify(src/my_cp_pkg) by extensions ['ignore', 'ignore_ament_install']
[2.432s] Level 1:colcon.colcon_core.package_identification:_identify(src/my_cp_pkg) by extension 'ignore'
[2.432s] Level 1:colcon.colcon_core.package_identification:_identify(src/my_cp_pkg) by extension 'ignore_ament_install'
[2.432s] Level 1:colcon.colcon_core.package_identification:_identify(src/my_cp_pkg) by extensions ['colcon_pkg']
[2.432s] Level 1:colcon.colcon_core.package_identification:_identify(src/my_cp_pkg) by extension 'colcon_pkg'
[2.433s] Level 1:colcon.colcon_core.package_identification:_identify(src/my_cp_pkg) by extensions ['colcon_meta']
[2.433s] Level 1:colcon.colcon_core.package_identification:_identify(src/my_cp_pkg) by extension 'colcon_meta'
[2.433s] Level 1:colcon.colcon_core.package_identification:_identify(src/my_cp_pkg) by extensions ['ros']
[2.433s] Level 1:colcon.colcon_core.package_identification:_identify(src/my_cp_pkg) by extension 'ros'
[2.434s] DEBUG:colcon.colcon_core.package_identification:Package 'src/my_cp_pkg' with type 'ros.ament_cmake' and name 'my_cp_pkg'
[2.435s] Level 1:colcon.colcon_core.package_discovery:discover_packages(recursive) using defaults
[2.435s] Level 1:colcon.colcon_core.package_discovery:discover_packages(ignore) discover
[2.435s] Level 1:colcon.colcon_core.package_discovery:discover_packages(ignore) using defaults
[2.435s] Level 1:colcon.colcon_core.package_discovery:discover_packages(path) discover
[2.435s] Level 1:colcon.colcon_core.package_discovery:discover_packages(path) using defaults
[2.570s] INFO:colcon.colcon_core.package_selection:Skipping not selected package 'my_cp_pkg' in 'src/my_cp_pkg'
[2.635s] Level 1:colcon.colcon_core.package_discovery:discover_packages(prefix_path) check parameters
[2.636s] Level 1:colcon.colcon_core.package_discovery:discover_packages(prefix_path) discover
[2.708s] DEBUG:colcon.colcon_installed_package_information.package_discovery:Found 1 installed packages in /home/emon/development/ros2_begginers/install
[2.744s] DEBUG:colcon.colcon_installed_package_information.package_discovery:Found 270 installed packages in /opt/ros/humble
[2.748s] Level 1:colcon.colcon_core.package_discovery:discover_packages(prefix_path) using defaults
[2.986s] Level 5:colcon.colcon_core.verb:set package 'my_py_pkg' build argument 'cmake_args' from command line to 'None'
[2.987s] Level 5:colcon.colcon_core.verb:set package 'my_py_pkg' build argument 'cmake_target' from command line to 'None'
[2.987s] Level 5:colcon.colcon_core.verb:set package 'my_py_pkg' build argument 'cmake_target_skip_unavailable' from command line to 'False'
[2.987s] Level 5:colcon.colcon_core.verb:set package 'my_py_pkg' build argument 'cmake_clean_cache' from command line to 'False'
[2.987s] Level 5:colcon.colcon_core.verb:set package 'my_py_pkg' build argument 'cmake_clean_first' from command line to 'False'
[2.987s] Level 5:colcon.colcon_core.verb:set package 'my_py_pkg' build argument 'cmake_force_configure' from command line to 'False'
[2.987s] Level 5:colcon.colcon_core.verb:set package 'my_py_pkg' build argument 'ament_cmake_args' from command line to 'None'
[2.987s] Level 5:colcon.colcon_core.verb:set package 'my_py_pkg' build argument 'catkin_cmake_args' from command line to 'None'
[2.987s] Level 5:colcon.colcon_core.verb:set package 'my_py_pkg' build argument 'catkin_skip_building_tests' from command line to 'False'
[2.987s] DEBUG:colcon.colcon_core.verb:Building package 'my_py_pkg' with the following arguments: {'ament_cmake_args': None, 'build_base': '/home/emon/development/ros2_begginers/build/my_py_pkg', 'catkin_cmake_args': None, 'catkin_skip_building_tests': False, 'cmake_args': None, 'cmake_clean_cache': False, 'cmake_clean_first': False, 'cmake_force_configure': False, 'cmake_target': None, 'cmake_target_skip_unavailable': False, 'install_base': '/home/emon/development/ros2_begginers/install/my_py_pkg', 'merge_install': False, 'path': '/home/emon/development/ros2_begginers/Src/my_py_pkg', 'symlink_install': False, 'test_result_base': None}
[3.009s] INFO:colcon.colcon_core.executor:Executing jobs using 'parallel' executor
[3.028s] DEBUG:colcon.colcon_parallel_executor.executor.parallel:run_until_complete
[3.028s] INFO:colcon.colcon_ros.task.ament_python.build:Building ROS package in '/home/emon/development/ros2_begginers/Src/my_py_pkg' with build type 'ament_python'
[3.028s] Level 1:colcon.colcon_core.shell:create_environment_hook('my_py_pkg', 'ament_prefix_path')
[3.050s] INFO:colcon.colcon_core.plugin_system:Skipping extension 'colcon_core.shell.bat': Not used on non-Windows systems
[3.050s] INFO:colcon.colcon_core.shell:Creating environment hook '/home/emon/development/ros2_begginers/install/my_py_pkg/share/my_py_pkg/hook/ament_prefix_path.ps1'
[3.051s] INFO:colcon.colcon_core.shell:Creating environment descriptor '/home/emon/development/ros2_begginers/install/my_py_pkg/share/my_py_pkg/hook/ament_prefix_path.dsv'
[3.052s] INFO:colcon.colcon_core.shell:Creating environment hook '/home/emon/development/ros2_begginers/install/my_py_pkg/share/my_py_pkg/hook/ament_prefix_path.sh'
[3.075s] INFO:colcon.colcon_core.shell:Skip shell extension 'powershell' for command environment: Not usable outside of PowerShell
[3.075s] DEBUG:colcon.colcon_core.shell:Skip shell extension 'dsv' for command environment
[3.638s] INFO:colcon.colcon_core.task.python.build:Building Python package in '/home/emon/development/ros2_begginers/Src/my_py_pkg'
[3.672s] INFO:colcon.colcon_core.shell:Skip shell extension 'powershell' for command environment: Not usable outside of PowerShell
[3.672s] DEBUG:colcon.colcon_core.shell:Skip shell extension 'dsv' for command environment
[4.485s] DEBUG:colcon.colcon_core.event_handler.log_command:Invoking command in '/home/emon/development/ros2_begginers/Src/my_py_pkg': PYTHONPATH=/home/emon/development/ros2_begginers/build/my_py_pkg/prefix_override:/home/emon/development/ros2_begginers/install/my_py_pkg/lib/python3.10/site-packages:${PYTHONPATH} /usr/bin/python3 setup.py egg_info --egg-base ../../build/my_py_pkg build --build-base /home/emon/development/ros2_begginers/build/my_py_pkg/build install --record /home/emon/development/ros2_begginers/build/my_py_pkg/install.log --single-version-externally-managed
[5.093s] DEBUG:colcon.colcon_core.event_handler.log_command:Invoked command in '/home/emon/development/ros2_begginers/Src/my_py_pkg' returned '0': PYTHONPATH=/home/emon/development/ros2_begginers/build/my_py_pkg/prefix_override:/home/emon/development/ros2_begginers/install/my_py_pkg/lib/python3.10/site-packages:${PYTHONPATH} /usr/bin/python3 setup.py egg_info --egg-base ../../build/my_py_pkg build --build-base /home/emon/development/ros2_begginers/build/my_py_pkg/build install --record /home/emon/development/ros2_begginers/build/my_py_pkg/install.log --single-version-externally-managed
[5.124s] Level 1:colcon.colcon_core.environment:checking '/home/emon/development/ros2_begginers/install/my_py_pkg' for CMake module files
[5.124s] Level 1:colcon.colcon_core.environment:checking '/home/emon/development/ros2_begginers/install/my_py_pkg' for CMake config files
[5.125s] Level 1:colcon.colcon_core.environment:checking '/home/emon/development/ros2_begginers/install/my_py_pkg/lib'
[5.125s] Level 1:colcon.colcon_core.environment:checking '/home/emon/development/ros2_begginers/install/my_py_pkg/bin'
[5.126s] Level 1:colcon.colcon_core.environment:checking '/home/emon/development/ros2_begginers/install/my_py_pkg/lib/pkgconfig/my_py_pkg.pc'
[5.126s] Level 1:colcon.colcon_core.environment:checking '/home/emon/development/ros2_begginers/install/my_py_pkg/lib/python3.10/site-packages'
[5.126s] Level 1:colcon.colcon_core.shell:create_environment_hook('my_py_pkg', 'pythonpath')
[5.151s] INFO:colcon.colcon_core.shell:Creating environment hook '/home/emon/development/ros2_begginers/install/my_py_pkg/share/my_py_pkg/hook/pythonpath.ps1'
[5.152s] INFO:colcon.colcon_core.shell:Creating environment descriptor '/home/emon/development/ros2_begginers/install/my_py_pkg/share/my_py_pkg/hook/pythonpath.dsv'
[5.152s] INFO:colcon.colcon_core.shell:Creating environment hook '/home/emon/development/ros2_begginers/install/my_py_pkg/share/my_py_pkg/hook/pythonpath.sh'
[5.154s] Level 1:colcon.colcon_core.environment:checking '/home/emon/development/ros2_begginers/install/my_py_pkg/bin'
[5.154s] Level 1:colcon.colcon_core.environment:create_environment_scripts_only(my_py_pkg)
[5.180s] INFO:colcon.colcon_core.shell:Creating package script '/home/emon/development/ros2_begginers/install/my_py_pkg/share/my_py_pkg/package.ps1'
[5.182s] INFO:colcon.colcon_core.shell:Creating package descriptor '/home/emon/development/ros2_begginers/install/my_py_pkg/share/my_py_pkg/package.dsv'
[5.183s] INFO:colcon.colcon_core.shell:Creating package script '/home/emon/development/ros2_begginers/install/my_py_pkg/share/my_py_pkg/package.sh'
[5.186s] INFO:colcon.colcon_core.shell:Creating package script '/home/emon/development/ros2_begginers/install/my_py_pkg/share/my_py_pkg/package.bash'
[5.189s] INFO:colcon.colcon_core.shell:Creating package script '/home/emon/development/ros2_begginers/install/my_py_pkg/share/my_py_pkg/package.zsh'
[5.190s] Level 1:colcon.colcon_core.environment:create_file_with_runtime_dependencies(/home/emon/development/ros2_begginers/install/my_py_pkg/share/colcon-core/packages/my_py_pkg)
[5.191s] DEBUG:colcon.colcon_parallel_executor.executor.parallel:closing loop
[5.192s] DEBUG:colcon.colcon_parallel_executor.executor.parallel:loop closed
[5.192s] DEBUG:colcon.colcon_parallel_executor.executor.parallel:run_until_complete finished with '0'
[5.192s] DEBUG:colcon.colcon_core.event_reactor:joining thread
[5.233s] INFO:colcon.colcon_core.plugin_system:Skipping extension 'colcon_notification.desktop_notification.terminal_notifier': Not used on non-Darwin systems
[5.233s] INFO:colcon.colcon_core.plugin_system:Skipping extension 'colcon_notification.desktop_notification.win32': Not used on non-Windows systems
[5.233s] INFO:colcon.colcon_notification.desktop_notification:Sending desktop notification using 'notify2'
[5.246s] DEBUG:colcon.colcon_core.event_reactor:joined thread
[5.277s] INFO:colcon.colcon_core.shell:Creating prefix script '/home/emon/development/ros2_begginers/install/local_setup.ps1'
[5.278s] INFO:colcon.colcon_core.shell:Creating prefix util module '/home/emon/development/ros2_begginers/install/_local_setup_util_ps1.py'
[5.280s] INFO:colcon.colcon_core.shell:Creating prefix chain script '/home/emon/development/ros2_begginers/install/setup.ps1'
[5.321s] INFO:colcon.colcon_core.shell:Creating prefix script '/home/emon/development/ros2_begginers/install/local_setup.sh'
[5.322s] INFO:colcon.colcon_core.shell:Creating prefix util module '/home/emon/development/ros2_begginers/install/_local_setup_util_sh.py'
[5.323s] INFO:colcon.colcon_core.shell:Creating prefix chain script '/home/emon/development/ros2_begginers/install/setup.sh'
[5.355s] INFO:colcon.colcon_core.shell:Creating prefix script '/home/emon/development/ros2_begginers/install/local_setup.bash'
[5.355s] INFO:colcon.colcon_core.shell:Creating prefix chain script '/home/emon/development/ros2_begginers/install/setup.bash'
[5.379s] INFO:colcon.colcon_core.shell:Creating prefix script '/home/emon/development/ros2_begginers/install/local_setup.zsh'
[5.379s] INFO:colcon.colcon_core.shell:Creating prefix chain script '/home/emon/development/ros2_begginers/install/setup.zsh'
