[0.862s] Invoking command in '/home/emon/development/ros2_begginers': PYTHONPATH=/home/emon/development/ros2_begginers/build/my_py_pkg/prefix_override:/home/emon/development/ros2_begginers/install/my_py_pkg/lib/python3.10/site-packages:${PYTHONPATH} /usr/bin/python3 setup.py egg_info --egg-base build/my_py_pkg build --build-base /home/emon/development/ros2_begginers/build/my_py_pkg/build install --record /home/emon/development/ros2_begginers/build/my_py_pkg/install.log --single-version-externally-managed
[1.122s] running egg_info
[1.123s] writing build/my_py_pkg/my_py_pkg.egg-info/PKG-INFO
[1.123s] writing dependency_links to build/my_py_pkg/my_py_pkg.egg-info/dependency_links.txt
[1.123s] writing entry points to build/my_py_pkg/my_py_pkg.egg-info/entry_points.txt
[1.124s] writing requirements to build/my_py_pkg/my_py_pkg.egg-info/requires.txt
[1.124s] writing top-level names to build/my_py_pkg/my_py_pkg.egg-info/top_level.txt
[1.126s] reading manifest file 'build/my_py_pkg/my_py_pkg.egg-info/SOURCES.txt'
[1.127s] writing manifest file 'build/my_py_pkg/my_py_pkg.egg-info/SOURCES.txt'
[1.127s] running build
[1.127s] running build_py
[1.128s] copying my_py_pkg/my_first_node.py -> /home/emon/development/ros2_begginers/build/my_py_pkg/build/lib/my_py_pkg
[1.128s] running install
[1.128s] /usr/lib/python3/dist-packages/setuptools/command/install.py:34: SetuptoolsDeprecationWarning: setup.py install is deprecated. Use build and pip and other standards-based tools.
[1.129s]   warnings.warn(
[1.129s] running install_lib
[1.131s] copying /home/emon/development/ros2_begginers/build/my_py_pkg/build/lib/my_py_pkg/my_first_node.py -> /home/emon/development/ros2_begginers/install/my_py_pkg/lib/python3.10/site-packages/my_py_pkg
[1.131s] byte-compiling /home/emon/development/ros2_begginers/install/my_py_pkg/lib/python3.10/site-packages/my_py_pkg/my_first_node.py to my_first_node.cpython-310.pyc
[1.132s] running install_data
[1.133s] running install_egg_info
[1.135s] removing '/home/emon/development/ros2_begginers/install/my_py_pkg/lib/python3.10/site-packages/my_py_pkg-0.0.0-py3.10.egg-info' (and everything under it)
[1.136s] Copying build/my_py_pkg/my_py_pkg.egg-info to /home/emon/development/ros2_begginers/install/my_py_pkg/lib/python3.10/site-packages/my_py_pkg-0.0.0-py3.10.egg-info
[1.137s] running install_scripts
[1.161s] Installing py_node script to /home/emon/development/ros2_begginers/install/my_py_pkg/lib/my_py_pkg
[1.161s] writing list of installed files to '/home/emon/development/ros2_begginers/build/my_py_pkg/install.log'
[1.190s] Invoked command in '/home/emon/development/ros2_begginers' returned '0': PYTHONPATH=/home/emon/development/ros2_begginers/build/my_py_pkg/prefix_override:/home/emon/development/ros2_begginers/install/my_py_pkg/lib/python3.10/site-packages:${PYTHONPATH} /usr/bin/python3 setup.py egg_info --egg-base build/my_py_pkg build --build-base /home/emon/development/ros2_begginers/build/my_py_pkg/build install --record /home/emon/development/ros2_begginers/build/my_py_pkg/install.log --single-version-externally-managed
