running egg_info
creating ../build/my_py_pkg_project/my_py_pkg_project.egg-info
writing ../build/my_py_pkg_project/my_py_pkg_project.egg-info/PKG-INFO
writing dependency_links to ../build/my_py_pkg_project/my_py_pkg_project.egg-info/dependency_links.txt
writing entry points to ../build/my_py_pkg_project/my_py_pkg_project.egg-info/entry_points.txt
writing requirements to ../build/my_py_pkg_project/my_py_pkg_project.egg-info/requires.txt
writing top-level names to ../build/my_py_pkg_project/my_py_pkg_project.egg-info/top_level.txt
writing manifest file '../build/my_py_pkg_project/my_py_pkg_project.egg-info/SOURCES.txt'
reading manifest file '../build/my_py_pkg_project/my_py_pkg_project.egg-info/SOURCES.txt'
writing manifest file '../build/my_py_pkg_project/my_py_pkg_project.egg-info/SOURCES.txt'
running build
running build_py
creating /home/emon/development/ros2_begginers/Src/build/my_py_pkg_project/build
creating /home/emon/development/ros2_begginers/Src/build/my_py_pkg_project/build/lib
creating /home/emon/development/ros2_begginers/Src/build/my_py_pkg_project/build/lib/my_py_pkg_project
copying my_py_pkg_project/__init__.py -> /home/emon/development/ros2_begginers/Src/build/my_py_pkg_project/build/lib/my_py_pkg_project
running install
running install_lib
creating /home/emon/development/ros2_begginers/Src/install/my_py_pkg_project/lib/python3.10/site-packages/my_py_pkg_project
copying /home/emon/development/ros2_begginers/Src/build/my_py_pkg_project/build/lib/my_py_pkg_project/__init__.py -> /home/emon/development/ros2_begginers/Src/install/my_py_pkg_project/lib/python3.10/site-packages/my_py_pkg_project
byte-compiling /home/emon/development/ros2_begginers/Src/install/my_py_pkg_project/lib/python3.10/site-packages/my_py_pkg_project/__init__.py to __init__.cpython-310.pyc
running install_data
creating /home/emon/development/ros2_begginers/Src/install/my_py_pkg_project/share/ament_index
creating /home/emon/development/ros2_begginers/Src/install/my_py_pkg_project/share/ament_index/resource_index
creating /home/emon/development/ros2_begginers/Src/install/my_py_pkg_project/share/ament_index/resource_index/packages
copying resource/my_py_pkg_project -> /home/emon/development/ros2_begginers/Src/install/my_py_pkg_project/share/ament_index/resource_index/packages
copying package.xml -> /home/emon/development/ros2_begginers/Src/install/my_py_pkg_project/share/my_py_pkg_project
running install_egg_info
Copying ../build/my_py_pkg_project/my_py_pkg_project.egg-info to /home/emon/development/ros2_begginers/Src/install/my_py_pkg_project/lib/python3.10/site-packages/my_py_pkg_project-0.0.0-py3.10.egg-info
running install_scripts
writing list of installed files to '/home/emon/development/ros2_begginers/Src/build/my_py_pkg_project/install.log'
