[1.106s] Invoking command in '/home/emon/development/ros2_begginers/Src/my_py_pkg_project': PYTHONPATH=/home/emon/development/ros2_begginers/Src/build/my_py_pkg_project/prefix_override:/home/emon/development/ros2_begginers/Src/install/my_py_pkg_project/lib/python3.10/site-packages:${PYTHONPATH} /usr/bin/python3 setup.py egg_info --egg-base ../build/my_py_pkg_project build --build-base /home/emon/development/ros2_begginers/Src/build/my_py_pkg_project/build install --record /home/emon/development/ros2_begginers/Src/build/my_py_pkg_project/install.log --single-version-externally-managed
[1.477s] running egg_info
[1.477s] creating ../build/my_py_pkg_project/my_py_pkg_project.egg-info
[1.477s] writing ../build/my_py_pkg_project/my_py_pkg_project.egg-info/PKG-INFO
[1.478s] writing dependency_links to ../build/my_py_pkg_project/my_py_pkg_project.egg-info/dependency_links.txt
[1.478s] writing entry points to ../build/my_py_pkg_project/my_py_pkg_project.egg-info/entry_points.txt
[1.478s] writing requirements to ../build/my_py_pkg_project/my_py_pkg_project.egg-info/requires.txt
[1.478s] writing top-level names to ../build/my_py_pkg_project/my_py_pkg_project.egg-info/top_level.txt
[1.478s] writing manifest file '../build/my_py_pkg_project/my_py_pkg_project.egg-info/SOURCES.txt'
[1.481s] reading manifest file '../build/my_py_pkg_project/my_py_pkg_project.egg-info/SOURCES.txt'
[1.482s] writing manifest file '../build/my_py_pkg_project/my_py_pkg_project.egg-info/SOURCES.txt'
[1.482s] running build
[1.482s] running build_py
[1.483s] creating /home/emon/development/ros2_begginers/Src/build/my_py_pkg_project/build
[1.483s] creating /home/emon/development/ros2_begginers/Src/build/my_py_pkg_project/build/lib
[1.483s] creating /home/emon/development/ros2_begginers/Src/build/my_py_pkg_project/build/lib/my_py_pkg_project
[1.483s] copying my_py_pkg_project/__init__.py -> /home/emon/development/ros2_begginers/Src/build/my_py_pkg_project/build/lib/my_py_pkg_project
[1.483s] running install
[1.484s] running install_lib
[1.485s] creating /home/emon/development/ros2_begginers/Src/install/my_py_pkg_project/lib/python3.10/site-packages/my_py_pkg_project
[1.485s] copying /home/emon/development/ros2_begginers/Src/build/my_py_pkg_project/build/lib/my_py_pkg_project/__init__.py -> /home/emon/development/ros2_begginers/Src/install/my_py_pkg_project/lib/python3.10/site-packages/my_py_pkg_project
[1.486s] byte-compiling /home/emon/development/ros2_begginers/Src/install/my_py_pkg_project/lib/python3.10/site-packages/my_py_pkg_project/__init__.py to __init__.cpython-310.pyc
[1.486s] running install_data
[1.486s] creating /home/emon/development/ros2_begginers/Src/install/my_py_pkg_project/share/ament_index
[1.487s] creating /home/emon/development/ros2_begginers/Src/install/my_py_pkg_project/share/ament_index/resource_index
[1.487s] creating /home/emon/development/ros2_begginers/Src/install/my_py_pkg_project/share/ament_index/resource_index/packages
[1.487s] copying resource/my_py_pkg_project -> /home/emon/development/ros2_begginers/Src/install/my_py_pkg_project/share/ament_index/resource_index/packages
[1.487s] copying package.xml -> /home/emon/development/ros2_begginers/Src/install/my_py_pkg_project/share/my_py_pkg_project
[1.487s] running install_egg_info
[1.489s] Copying ../build/my_py_pkg_project/my_py_pkg_project.egg-info to /home/emon/development/ros2_begginers/Src/install/my_py_pkg_project/lib/python3.10/site-packages/my_py_pkg_project-0.0.0-py3.10.egg-info
[1.490s] running install_scripts
[1.524s] writing list of installed files to '/home/emon/development/ros2_begginers/Src/build/my_py_pkg_project/install.log'
[1.566s] Invoked command in '/home/emon/development/ros2_begginers/Src/my_py_pkg_project' returned '0': PYTHONPATH=/home/emon/development/ros2_begginers/Src/build/my_py_pkg_project/prefix_override:/home/emon/development/ros2_begginers/Src/install/my_py_pkg_project/lib/python3.10/site-packages:${PYTHONPATH} /usr/bin/python3 setup.py egg_info --egg-base ../build/my_py_pkg_project build --build-base /home/emon/development/ros2_begginers/Src/build/my_py_pkg_project/build install --record /home/emon/development/ros2_begginers/Src/build/my_py_pkg_project/install.log --single-version-externally-managed
