[0.907s] Invoking command in '/home/emon/development/ros2_begginers/build/my_py_pkg': PYTHONPATH=/home/emon/development/ros2_begginers/build/my_py_pkg/prefix_override:/home/emon/development/ros2_begginers/install/my_py_pkg/lib/python3.10/site-packages:${PYTHONPATH} /usr/bin/python3 setup.py develop --editable --build-directory /home/emon/development/ros2_begginers/build/my_py_pkg/build --no-deps install_data
[1.219s] running develop
[1.399s] running egg_info
[1.399s] writing my_py_pkg.egg-info/PKG-INFO
[1.399s] writing dependency_links to my_py_pkg.egg-info/dependency_links.txt
[1.399s] writing entry points to my_py_pkg.egg-info/entry_points.txt
[1.399s] writing requirements to my_py_pkg.egg-info/requires.txt
[1.399s] writing top-level names to my_py_pkg.egg-info/top_level.txt
[1.401s] reading manifest file 'my_py_pkg.egg-info/SOURCES.txt'
[1.402s] writing manifest file 'my_py_pkg.egg-info/SOURCES.txt'
[1.403s] running build_ext
[1.404s] Creating /home/emon/development/ros2_begginers/install/my_py_pkg/lib/python3.10/site-packages/my-py-pkg.egg-link (link to .)
[1.405s] Installing number_counter script to /home/emon/development/ros2_begginers/install/my_py_pkg/lib/my_py_pkg
[1.405s] Installing number_publisher script to /home/emon/development/ros2_begginers/install/my_py_pkg/lib/my_py_pkg
[1.405s] Installing py_node script to /home/emon/development/ros2_begginers/install/my_py_pkg/lib/my_py_pkg
[1.405s] Installing robot_news_station script to /home/emon/development/ros2_begginers/install/my_py_pkg/lib/my_py_pkg
[1.405s] Installing smartphone script to /home/emon/development/ros2_begginers/install/my_py_pkg/lib/my_py_pkg
[1.405s] 
[1.406s] Installed /home/emon/development/ros2_begginers/build/my_py_pkg
[1.406s] running install_data
[1.445s] Invoked command in '/home/emon/development/ros2_begginers/build/my_py_pkg' returned '0': PYTHONPATH=/home/emon/development/ros2_begginers/build/my_py_pkg/prefix_override:/home/emon/development/ros2_begginers/install/my_py_pkg/lib/python3.10/site-packages:${PYTHONPATH} /usr/bin/python3 setup.py develop --editable --build-directory /home/emon/development/ros2_begginers/build/my_py_pkg/build --no-deps install_data
