[1.470s] Invoking command in '/home/emon/development/ros2_begginers/build/my_py_pkg': PYTHONPATH=/home/emon/development/ros2_begginers/build/my_py_pkg/prefix_override:/home/emon/development/ros2_begginers/install/my_py_pkg/lib/python3.10/site-packages:${PYTHONPATH} /usr/bin/python3 setup.py develop --uninstall --editable --build-directory /home/emon/development/ros2_begginers/build/my_py_pkg/build
[2.003s] running develop
[2.229s] Removing /home/emon/development/ros2_begginers/install/my_py_pkg/lib/python3.10/site-packages/my-py-pkg.egg-link (link to .)
[2.270s] Invoked command in '/home/emon/development/ros2_begginers/build/my_py_pkg' returned '0': PYTHONPATH=/home/emon/development/ros2_begginers/build/my_py_pkg/prefix_override:/home/emon/development/ros2_begginers/install/my_py_pkg/lib/python3.10/site-packages:${PYTHONPATH} /usr/bin/python3 setup.py develop --uninstall --editable --build-directory /home/emon/development/ros2_begginers/build/my_py_pkg/build
[2.273s] Invoking command in '/home/emon/development/ros2_begginers/Src/my_py_pkg': PYTHONPATH=/home/emon/development/ros2_begginers/build/my_py_pkg/prefix_override:/home/emon/development/ros2_begginers/install/my_py_pkg/lib/python3.10/site-packages:${PYTHONPATH} /usr/bin/python3 setup.py egg_info --egg-base ../../build/my_py_pkg build --build-base /home/emon/development/ros2_begginers/build/my_py_pkg/build install --record /home/emon/development/ros2_begginers/build/my_py_pkg/install.log --single-version-externally-managed
[2.731s] running egg_info
[2.732s] writing ../../build/my_py_pkg/my_py_pkg.egg-info/PKG-INFO
[2.732s] writing dependency_links to ../../build/my_py_pkg/my_py_pkg.egg-info/dependency_links.txt
[2.732s] writing entry points to ../../build/my_py_pkg/my_py_pkg.egg-info/entry_points.txt
[2.733s] writing requirements to ../../build/my_py_pkg/my_py_pkg.egg-info/requires.txt
[2.733s] writing top-level names to ../../build/my_py_pkg/my_py_pkg.egg-info/top_level.txt
[2.737s] reading manifest file '../../build/my_py_pkg/my_py_pkg.egg-info/SOURCES.txt'
[2.739s] writing manifest file '../../build/my_py_pkg/my_py_pkg.egg-info/SOURCES.txt'
[2.740s] running build
[2.740s] running build_py
[2.740s] copying my_py_pkg/my_first_node.py -> /home/emon/development/ros2_begginers/build/my_py_pkg/build/lib/my_py_pkg
[2.740s] running install
[2.741s] running install_lib
[2.742s] creating /home/emon/development/ros2_begginers/install/my_py_pkg/lib/python3.10/site-packages/my_py_pkg
[2.743s] copying /home/emon/development/ros2_begginers/build/my_py_pkg/build/lib/my_py_pkg/__init__.py -> /home/emon/development/ros2_begginers/install/my_py_pkg/lib/python3.10/site-packages/my_py_pkg
[2.743s] copying /home/emon/development/ros2_begginers/build/my_py_pkg/build/lib/my_py_pkg/my_first_node.py -> /home/emon/development/ros2_begginers/install/my_py_pkg/lib/python3.10/site-packages/my_py_pkg
[2.744s] byte-compiling /home/emon/development/ros2_begginers/install/my_py_pkg/lib/python3.10/site-packages/my_py_pkg/__init__.py to __init__.cpython-310.pyc
[2.744s] byte-compiling /home/emon/development/ros2_begginers/install/my_py_pkg/lib/python3.10/site-packages/my_py_pkg/my_first_node.py to my_first_node.cpython-310.pyc
[2.745s] running install_data
[2.747s] running install_egg_info
[2.750s] Copying ../../build/my_py_pkg/my_py_pkg.egg-info to /home/emon/development/ros2_begginers/install/my_py_pkg/lib/python3.10/site-packages/my_py_pkg-0.0.0-py3.10.egg-info
[2.752s] running install_scripts
[2.797s] Installing py_node script to /home/emon/development/ros2_begginers/install/my_py_pkg/lib/my_py_pkg
[2.798s] writing list of installed files to '/home/emon/development/ros2_begginers/build/my_py_pkg/install.log'
[2.872s] Invoked command in '/home/emon/development/ros2_begginers/Src/my_py_pkg' returned '0': PYTHONPATH=/home/emon/development/ros2_begginers/build/my_py_pkg/prefix_override:/home/emon/development/ros2_begginers/install/my_py_pkg/lib/python3.10/site-packages:${PYTHONPATH} /usr/bin/python3 setup.py egg_info --egg-base ../../build/my_py_pkg build --build-base /home/emon/development/ros2_begginers/build/my_py_pkg/build install --record /home/emon/development/ros2_begginers/build/my_py_pkg/install.log --single-version-externally-managed
