[1.456s] Invoking command in '/home/emon/development/ros2_begginers/Src/my_py_pkg': PYTHONPATH=/home/emon/development/ros2_begginers/build/my_py_pkg/prefix_override:/home/emon/development/ros2_begginers/install/my_py_pkg/lib/python3.10/site-packages:${PYTHONPATH} /usr/bin/python3 setup.py egg_info --egg-base ../../build/my_py_pkg build --build-base /home/emon/development/ros2_begginers/build/my_py_pkg/build install --record /home/emon/development/ros2_begginers/build/my_py_pkg/install.log --single-version-externally-managed
[1.929s] running egg_info
[1.931s] writing ../../build/my_py_pkg/my_py_pkg.egg-info/PKG-INFO
[1.933s] writing dependency_links to ../../build/my_py_pkg/my_py_pkg.egg-info/dependency_links.txt
[1.933s] writing entry points to ../../build/my_py_pkg/my_py_pkg.egg-info/entry_points.txt
[1.933s] writing requirements to ../../build/my_py_pkg/my_py_pkg.egg-info/requires.txt
[1.933s] writing top-level names to ../../build/my_py_pkg/my_py_pkg.egg-info/top_level.txt
[1.937s] reading manifest file '../../build/my_py_pkg/my_py_pkg.egg-info/SOURCES.txt'
[1.939s] writing manifest file '../../build/my_py_pkg/my_py_pkg.egg-info/SOURCES.txt'
[1.940s] running build
[1.940s] running build_py
[1.940s] copying my_py_pkg/my_first_node.py -> /home/emon/development/ros2_begginers/build/my_py_pkg/build/lib/my_py_pkg
[1.941s] running install
[1.942s] running install_lib
[1.944s] copying /home/emon/development/ros2_begginers/build/my_py_pkg/build/lib/my_py_pkg/my_first_node.py -> /home/emon/development/ros2_begginers/install/my_py_pkg/lib/python3.10/site-packages/my_py_pkg
[1.946s] byte-compiling /home/emon/development/ros2_begginers/install/my_py_pkg/lib/python3.10/site-packages/my_py_pkg/my_first_node.py to my_first_node.cpython-310.pyc
[1.947s] running install_data
[1.949s] running install_egg_info
[1.953s] removing '/home/emon/development/ros2_begginers/install/my_py_pkg/lib/python3.10/site-packages/my_py_pkg-0.0.0-py3.10.egg-info' (and everything under it)
[1.958s] Copying ../../build/my_py_pkg/my_py_pkg.egg-info to /home/emon/development/ros2_begginers/install/my_py_pkg/lib/python3.10/site-packages/my_py_pkg-0.0.0-py3.10.egg-info
[1.961s] running install_scripts
[2.014s] Installing py_node script to /home/emon/development/ros2_begginers/install/my_py_pkg/lib/my_py_pkg
[2.015s] writing list of installed files to '/home/emon/development/ros2_begginers/build/my_py_pkg/install.log'
[2.064s] Invoked command in '/home/emon/development/ros2_begginers/Src/my_py_pkg' returned '0': PYTHONPATH=/home/emon/development/ros2_begginers/build/my_py_pkg/prefix_override:/home/emon/development/ros2_begginers/install/my_py_pkg/lib/python3.10/site-packages:${PYTHONPATH} /usr/bin/python3 setup.py egg_info --egg-base ../../build/my_py_pkg build --build-base /home/emon/development/ros2_begginers/build/my_py_pkg/build install --record /home/emon/development/ros2_begginers/build/my_py_pkg/install.log --single-version-externally-managed
