[0.082s] Invoking command in '/home/emon/development/ros2_begginers/build/my_cp_pkg': CMAKE_PREFIX_PATH=/home/emon/development/ros2_begginers/install/my_py_pkg:/opt/ros/humble /usr/bin/cmake --build /home/emon/development/ros2_begginers/build/my_cp_pkg -- -j8 -l8
[0.165s] -- Found ament_cmake: 1.3.5 (/opt/ros/humble/share/ament_cmake/cmake)
[0.370s] -- Found rclcpp: 16.0.6 (/opt/ros/humble/share/rclcpp/cmake)
[0.411s] -- Found rosidl_generator_c: 3.1.5 (/opt/ros/humble/share/rosidl_generator_c/cmake)
[0.417s] -- Found rosidl_adapter: 3.1.5 (/opt/ros/humble/share/rosidl_adapter/cmake)
[0.430s] -- Found rosidl_generator_cpp: 3.1.5 (/opt/ros/humble/share/rosidl_generator_cpp/cmake)
[0.447s] -- Using all available rosidl_typesupport_c: rosidl_typesupport_fastrtps_c;rosidl_typesupport_introspection_c
[0.467s] -- Using all available rosidl_typesupport_cpp: rosidl_typesupport_fastrtps_cpp;rosidl_typesupport_introspection_cpp
[0.532s] -- Found rmw_implementation_cmake: 6.1.1 (/opt/ros/humble/share/rmw_implementation_cmake/cmake)
[0.534s] -- Found rmw_fastrtps_cpp: 6.2.4 (/opt/ros/humble/share/rmw_fastrtps_cpp/cmake)
[0.688s] -- Using RMW implementation 'rmw_fastrtps_cpp' as default
[0.929s] [31mCMake Error at CMakeLists.txt:12 (add_executable):
[0.929s]   The target name "cpp_node," is reserved or not valid for certain CMake
[0.929s]   features, such as generator expressions, and may result in undefined
[0.929s]   behavior.
[0.929s] 
[0.929s] [0m
[0.929s] [31mCMake Error at /opt/ros/humble/share/ament_cmake_target_dependencies/cmake/ament_target_dependencies.cmake:42 (message):
[0.929s]   ament_target_dependencies() the first argument must be a valid target name
[0.929s] Call Stack (most recent call first):
[0.929s]   CMakeLists.txt:13 (ament_target_dependencies)
[0.929s] 
[0.930s] [0m
[0.930s] -- Configuring incomplete, errors occurred!
[0.930s] See also "/home/emon/development/ros2_begginers/build/my_cp_pkg/CMakeFiles/CMakeOutput.log".
[0.941s] gmake: *** [Makefile:226: cmake_check_build_system] Error 1
[0.944s] Invoked command in '/home/emon/development/ros2_begginers/build/my_cp_pkg' returned '2': CMAKE_PREFIX_PATH=/home/emon/development/ros2_begginers/install/my_py_pkg:/opt/ros/humble /usr/bin/cmake --build /home/emon/development/ros2_begginers/build/my_cp_pkg -- -j8 -l8
