[0.947s] Invoking command in '/home/emon/development/ros2_begginers/build/my_py_pkg': PYTHONPATH=/home/emon/development/ros2_begginers/build/my_py_pkg/prefix_override:/home/emon/development/ros2_begginers/install/my_py_pkg/lib/python3.10/site-packages:${PYTHONPATH} /usr/bin/python3 setup.py develop --uninstall --editable --build-directory /home/emon/development/ros2_begginers/build/my_py_pkg/build
[1.260s] running develop
[1.443s] Removing /home/emon/development/ros2_begginers/install/my_py_pkg/lib/python3.10/site-packages/my-py-pkg.egg-link (link to .)
[1.480s] Invoked command in '/home/emon/development/ros2_begginers/build/my_py_pkg' returned '0': PYTHONPATH=/home/emon/development/ros2_begginers/build/my_py_pkg/prefix_override:/home/emon/development/ros2_begginers/install/my_py_pkg/lib/python3.10/site-packages:${PYTHONPATH} /usr/bin/python3 setup.py develop --uninstall --editable --build-directory /home/emon/development/ros2_begginers/build/my_py_pkg/build
[1.483s] Invoking command in '/home/emon/development/ros2_begginers/Src/my_py_pkg': PYTHONPATH=/home/emon/development/ros2_begginers/build/my_py_pkg/prefix_override:/home/emon/development/ros2_begginers/install/my_py_pkg/lib/python3.10/site-packages:${PYTHONPATH} /usr/bin/python3 setup.py egg_info --egg-base ../../build/my_py_pkg build --build-base /home/emon/development/ros2_begginers/build/my_py_pkg/build install --record /home/emon/development/ros2_begginers/build/my_py_pkg/install.log --single-version-externally-managed
[1.797s] running egg_info
[1.798s] writing ../../build/my_py_pkg/my_py_pkg.egg-info/PKG-INFO
[1.798s] writing dependency_links to ../../build/my_py_pkg/my_py_pkg.egg-info/dependency_links.txt
[1.798s] writing entry points to ../../build/my_py_pkg/my_py_pkg.egg-info/entry_points.txt
[1.798s] writing requirements to ../../build/my_py_pkg/my_py_pkg.egg-info/requires.txt
[1.799s] writing top-level names to ../../build/my_py_pkg/my_py_pkg.egg-info/top_level.txt
[1.800s] reading manifest file '../../build/my_py_pkg/my_py_pkg.egg-info/SOURCES.txt'
[1.802s] writing manifest file '../../build/my_py_pkg/my_py_pkg.egg-info/SOURCES.txt'
[1.802s] running build
[1.802s] running build_py
[1.802s] copying my_py_pkg/smartphone.py -> /home/emon/development/ros2_begginers/build/my_py_pkg/build/lib/my_py_pkg
[1.802s] copying my_py_pkg/robot_news_station.py -> /home/emon/development/ros2_begginers/build/my_py_pkg/build/lib/my_py_pkg
[1.802s] copying my_py_pkg/number_publisher.py -> /home/emon/development/ros2_begginers/build/my_py_pkg/build/lib/my_py_pkg
[1.803s] running install
[1.803s] running install_lib
[1.804s] creating /home/emon/development/ros2_begginers/install/my_py_pkg/lib/python3.10/site-packages/my_py_pkg
[1.804s] copying /home/emon/development/ros2_begginers/build/my_py_pkg/build/lib/my_py_pkg/smartphone.py -> /home/emon/development/ros2_begginers/install/my_py_pkg/lib/python3.10/site-packages/my_py_pkg
[1.804s] copying /home/emon/development/ros2_begginers/build/my_py_pkg/build/lib/my_py_pkg/robot_news_station.py -> /home/emon/development/ros2_begginers/install/my_py_pkg/lib/python3.10/site-packages/my_py_pkg
[1.804s] copying /home/emon/development/ros2_begginers/build/my_py_pkg/build/lib/my_py_pkg/number_publisher.py -> /home/emon/development/ros2_begginers/install/my_py_pkg/lib/python3.10/site-packages/my_py_pkg
[1.804s] copying /home/emon/development/ros2_begginers/build/my_py_pkg/build/lib/my_py_pkg/__init__.py -> /home/emon/development/ros2_begginers/install/my_py_pkg/lib/python3.10/site-packages/my_py_pkg
[1.804s] copying /home/emon/development/ros2_begginers/build/my_py_pkg/build/lib/my_py_pkg/my_first_node.py -> /home/emon/development/ros2_begginers/install/my_py_pkg/lib/python3.10/site-packages/my_py_pkg
[1.805s] byte-compiling /home/emon/development/ros2_begginers/install/my_py_pkg/lib/python3.10/site-packages/my_py_pkg/smartphone.py to smartphone.cpython-310.pyc
[1.805s] byte-compiling /home/emon/development/ros2_begginers/install/my_py_pkg/lib/python3.10/site-packages/my_py_pkg/robot_news_station.py to robot_news_station.cpython-310.pyc
[1.805s] byte-compiling /home/emon/development/ros2_begginers/install/my_py_pkg/lib/python3.10/site-packages/my_py_pkg/number_publisher.py to number_publisher.cpython-310.pyc
[1.806s] byte-compiling /home/emon/development/ros2_begginers/install/my_py_pkg/lib/python3.10/site-packages/my_py_pkg/__init__.py to __init__.cpython-310.pyc
[1.806s] byte-compiling /home/emon/development/ros2_begginers/install/my_py_pkg/lib/python3.10/site-packages/my_py_pkg/my_first_node.py to my_first_node.cpython-310.pyc
[1.806s] running install_data
[1.807s] running install_egg_info
[1.808s] Copying ../../build/my_py_pkg/my_py_pkg.egg-info to /home/emon/development/ros2_begginers/install/my_py_pkg/lib/python3.10/site-packages/my_py_pkg-0.0.0-py3.10.egg-info
[1.809s] running install_scripts
[1.831s] Installing number_publisher script to /home/emon/development/ros2_begginers/install/my_py_pkg/lib/my_py_pkg
[1.831s] Installing py_node script to /home/emon/development/ros2_begginers/install/my_py_pkg/lib/my_py_pkg
[1.832s] Installing robot_news_station script to /home/emon/development/ros2_begginers/install/my_py_pkg/lib/my_py_pkg
[1.832s] Installing smartphone script to /home/emon/development/ros2_begginers/install/my_py_pkg/lib/my_py_pkg
[1.833s] writing list of installed files to '/home/emon/development/ros2_begginers/build/my_py_pkg/install.log'
[1.866s] Invoked command in '/home/emon/development/ros2_begginers/Src/my_py_pkg' returned '0': PYTHONPATH=/home/emon/development/ros2_begginers/build/my_py_pkg/prefix_override:/home/emon/development/ros2_begginers/install/my_py_pkg/lib/python3.10/site-packages:${PYTHONPATH} /usr/bin/python3 setup.py egg_info --egg-base ../../build/my_py_pkg build --build-base /home/emon/development/ros2_begginers/build/my_py_pkg/build install --record /home/emon/development/ros2_begginers/build/my_py_pkg/install.log --single-version-externally-managed
