[0.073s] Invoking command in '/home/emon/development/ros2_begginers/build/my_cp_pkg': CMAKE_PREFIX_PATH=/home/emon/development/ros2_begginers/install/my_py_pkg:/opt/ros/humble /usr/bin/cmake --build /home/emon/development/ros2_begginers/build/my_cp_pkg -- -j8 -l8
[0.131s] [35m[1mConsolidate compiler generated dependencies of target cpp_node[0m
[0.163s] [ 50%] [32mBuilding CXX object CMakeFiles/cpp_node.dir/src/my_first_node.cpp.o[0m
[4.598s] [100%] [32m[1mLinking CXX executable cpp_node[0m
[4.831s] [100%] Built target cpp_node
[4.849s] Invoked command in '/home/emon/development/ros2_begginers/build/my_cp_pkg' returned '0': CMAKE_PREFIX_PATH=/home/emon/development/ros2_begginers/install/my_py_pkg:/opt/ros/humble /usr/bin/cmake --build /home/emon/development/ros2_begginers/build/my_cp_pkg -- -j8 -l8
[4.902s] Invoking command in '/home/emon/development/ros2_begginers/build/my_cp_pkg': CMAKE_PREFIX_PATH=/home/emon/development/ros2_begginers/install/my_py_pkg:/opt/ros/humble /usr/bin/cmake --install /home/emon/development/ros2_begginers/build/my_cp_pkg
[4.913s] -- Install configuration: ""
[4.913s] -- Installing: /home/emon/development/ros2_begginers/install/my_cp_pkg/lib/my_cp_pkg/cpp_node
[4.915s] -- Set runtime path of "/home/emon/development/ros2_begginers/install/my_cp_pkg/lib/my_cp_pkg/cpp_node" to ""
[4.915s] -- Up-to-date: /home/emon/development/ros2_begginers/install/my_cp_pkg/share/ament_index/resource_index/package_run_dependencies/my_cp_pkg
[4.915s] -- Up-to-date: /home/emon/development/ros2_begginers/install/my_cp_pkg/share/ament_index/resource_index/parent_prefix_path/my_cp_pkg
[4.915s] -- Up-to-date: /home/emon/development/ros2_begginers/install/my_cp_pkg/share/my_cp_pkg/environment/ament_prefix_path.sh
[4.915s] -- Up-to-date: /home/emon/development/ros2_begginers/install/my_cp_pkg/share/my_cp_pkg/environment/ament_prefix_path.dsv
[4.915s] -- Up-to-date: /home/emon/development/ros2_begginers/install/my_cp_pkg/share/my_cp_pkg/environment/path.sh
[4.915s] -- Up-to-date: /home/emon/development/ros2_begginers/install/my_cp_pkg/share/my_cp_pkg/environment/path.dsv
[4.916s] -- Up-to-date: /home/emon/development/ros2_begginers/install/my_cp_pkg/share/my_cp_pkg/local_setup.bash
[4.916s] -- Up-to-date: /home/emon/development/ros2_begginers/install/my_cp_pkg/share/my_cp_pkg/local_setup.sh
[4.916s] -- Up-to-date: /home/emon/development/ros2_begginers/install/my_cp_pkg/share/my_cp_pkg/local_setup.zsh
[4.916s] -- Up-to-date: /home/emon/development/ros2_begginers/install/my_cp_pkg/share/my_cp_pkg/local_setup.dsv
[4.916s] -- Installing: /home/emon/development/ros2_begginers/install/my_cp_pkg/share/my_cp_pkg/package.dsv
[4.916s] -- Up-to-date: /home/emon/development/ros2_begginers/install/my_cp_pkg/share/ament_index/resource_index/packages/my_cp_pkg
[4.916s] -- Up-to-date: /home/emon/development/ros2_begginers/install/my_cp_pkg/share/my_cp_pkg/cmake/my_cp_pkgConfig.cmake
[4.916s] -- Up-to-date: /home/emon/development/ros2_begginers/install/my_cp_pkg/share/my_cp_pkg/cmake/my_cp_pkgConfig-version.cmake
[4.916s] -- Up-to-date: /home/emon/development/ros2_begginers/install/my_cp_pkg/share/my_cp_pkg/package.xml
[4.919s] Invoked command in '/home/emon/development/ros2_begginers/build/my_cp_pkg' returned '0': CMAKE_PREFIX_PATH=/home/emon/development/ros2_begginers/install/my_py_pkg:/opt/ros/humble /usr/bin/cmake --install /home/emon/development/ros2_begginers/build/my_cp_pkg
