-- Found ament_cmake: 1.3.6 (/opt/ros/humble/share/ament_cmake/cmake)
-- Found rclcpp: 16.0.7 (/opt/ros/humble/share/rclcpp/cmake)
-- Found rosidl_generator_c: 3.1.5 (/opt/ros/humble/share/rosidl_generator_c/cmake)
-- Found rosidl_adapter: 3.1.5 (/opt/ros/humble/share/rosidl_adapter/cmake)
-- Found rosidl_generator_cpp: 3.1.5 (/opt/ros/humble/share/rosidl_generator_cpp/cmake)
-- Using all available rosidl_typesupport_c: rosidl_typesupport_fastrtps_c;rosidl_typesupport_introspection_c
-- Using all available rosidl_typesupport_cpp: rosidl_typesupport_fastrtps_cpp;rosidl_typesupport_introspection_cpp
-- Found rmw_implementation_cmake: 6.1.1 (/opt/ros/humble/share/rmw_implementation_cmake/cmake)
-- Found rmw_cyclonedds_cpp: 1.3.4 (/opt/ros/humble/share/rmw_cyclonedds_cpp/cmake)
-- Using RMW implementation 'rmw_cyclonedds_cpp' as default
-- Found example_interfaces: 0.9.3 (/opt/ros/humble/share/example_interfaces/cmake)
-- Configuring done
-- Generating done
-- Build files have been written to: /home/emon/development/ros2_begginers/build/my_cp_pkg
[35m[1mConsolidate compiler generated dependencies of target cpp_node[0m
[ 25%] [32mBuilding CXX object CMakeFiles/robot_news_station.dir/src/robot_news_station.cpp.o[0m
[ 75%] Built target cpp_node
[100%] [32m[1mLinking CXX executable robot_news_station[0m
[100%] Built target robot_news_station
-- Install configuration: ""
-- Up-to-date: /home/emon/development/ros2_begginers/install/my_cp_pkg/lib/my_cp_pkg/cpp_node
-- Installing: /home/emon/development/ros2_begginers/install/my_cp_pkg/share/ament_index/resource_index/package_run_dependencies/my_cp_pkg
-- Installing: /home/emon/development/ros2_begginers/install/my_cp_pkg/share/ament_index/resource_index/parent_prefix_path/my_cp_pkg
-- Installing: /home/emon/development/ros2_begginers/install/my_cp_pkg/share/my_cp_pkg/environment/ament_prefix_path.sh
-- Installing: /home/emon/development/ros2_begginers/install/my_cp_pkg/share/my_cp_pkg/environment/ament_prefix_path.dsv
-- Installing: /home/emon/development/ros2_begginers/install/my_cp_pkg/share/my_cp_pkg/environment/path.sh
-- Installing: /home/emon/development/ros2_begginers/install/my_cp_pkg/share/my_cp_pkg/environment/path.dsv
-- Up-to-date: /home/emon/development/ros2_begginers/install/my_cp_pkg/share/my_cp_pkg/local_setup.bash
-- Up-to-date: /home/emon/development/ros2_begginers/install/my_cp_pkg/share/my_cp_pkg/local_setup.sh
-- Up-to-date: /home/emon/development/ros2_begginers/install/my_cp_pkg/share/my_cp_pkg/local_setup.zsh
-- Installing: /home/emon/development/ros2_begginers/install/my_cp_pkg/share/my_cp_pkg/local_setup.dsv
-- Installing: /home/emon/development/ros2_begginers/install/my_cp_pkg/share/my_cp_pkg/package.dsv
-- Up-to-date: /home/emon/development/ros2_begginers/install/my_cp_pkg/share/ament_index/resource_index/packages/my_cp_pkg
-- Up-to-date: /home/emon/development/ros2_begginers/install/my_cp_pkg/share/my_cp_pkg/cmake/my_cp_pkgConfig.cmake
-- Up-to-date: /home/emon/development/ros2_begginers/install/my_cp_pkg/share/my_cp_pkg/cmake/my_cp_pkgConfig-version.cmake
-- Installing: /home/emon/development/ros2_begginers/install/my_cp_pkg/share/my_cp_pkg/package.xml
