[0.083s] Invoking command in '/home/emon/development/ros2_begginers/build/my_cp_pkg': CMAKE_PREFIX_PATH=${CMAKE_PREFIX_PATH}:/home/emon/development/ros2_begginers/install/my_py_pkg_project:/home/emon/development/ros2_begginers/install/my_py_pkg:/opt/ros/humble /usr/bin/cmake --build /home/emon/development/ros2_begginers/build/my_cp_pkg -- -j8 -l8
[0.152s] -- Found ament_cmake: 1.3.6 (/opt/ros/humble/share/ament_cmake/cmake)
[0.372s] -- Found rclcpp: 16.0.7 (/opt/ros/humble/share/rclcpp/cmake)
[0.442s] -- Found rosidl_generator_c: 3.1.5 (/opt/ros/humble/share/rosidl_generator_c/cmake)
[0.451s] -- Found rosidl_adapter: 3.1.5 (/opt/ros/humble/share/rosidl_adapter/cmake)
[0.467s] -- Found rosidl_generator_cpp: 3.1.5 (/opt/ros/humble/share/rosidl_generator_cpp/cmake)
[0.499s] -- Using all available rosidl_typesupport_c: rosidl_typesupport_fastrtps_c;rosidl_typesupport_introspection_c
[0.539s] -- Using all available rosidl_typesupport_cpp: rosidl_typesupport_fastrtps_cpp;rosidl_typesupport_introspection_cpp
[0.636s] -- Found rmw_implementation_cmake: 6.1.1 (/opt/ros/humble/share/rmw_implementation_cmake/cmake)
[0.642s] -- Found rmw_cyclonedds_cpp: 1.3.4 (/opt/ros/humble/share/rmw_cyclonedds_cpp/cmake)
[0.692s] -- Using RMW implementation 'rmw_cyclonedds_cpp' as default
[0.906s] -- Found example_interfaces: 0.9.3 (/opt/ros/humble/share/example_interfaces/cmake)
[1.215s] -- Configuring done
[1.237s] -- Generating done
[1.241s] -- Build files have been written to: /home/emon/development/ros2_begginers/build/my_cp_pkg
[1.278s] [35m[1mConsolidate compiler generated dependencies of target cpp_node[0m
[1.293s] [ 25%] [32mBuilding CXX object CMakeFiles/robot_news_station.dir/src/robot_news_station.cpp.o[0m
[1.304s] [ 75%] Built target cpp_node
[7.279s] [100%] [32m[1mLinking CXX executable robot_news_station[0m
[7.675s] [100%] Built target robot_news_station
[7.692s] Invoked command in '/home/emon/development/ros2_begginers/build/my_cp_pkg' returned '0': CMAKE_PREFIX_PATH=${CMAKE_PREFIX_PATH}:/home/emon/development/ros2_begginers/install/my_py_pkg_project:/home/emon/development/ros2_begginers/install/my_py_pkg:/opt/ros/humble /usr/bin/cmake --build /home/emon/development/ros2_begginers/build/my_cp_pkg -- -j8 -l8
[7.747s] Invoking command in '/home/emon/development/ros2_begginers/build/my_cp_pkg': CMAKE_PREFIX_PATH=${CMAKE_PREFIX_PATH}:/home/emon/development/ros2_begginers/install/my_py_pkg_project:/home/emon/development/ros2_begginers/install/my_py_pkg:/opt/ros/humble /usr/bin/cmake --install /home/emon/development/ros2_begginers/build/my_cp_pkg
[7.757s] -- Install configuration: ""
[7.759s] -- Up-to-date: /home/emon/development/ros2_begginers/install/my_cp_pkg/lib/my_cp_pkg/cpp_node
[7.759s] -- Installing: /home/emon/development/ros2_begginers/install/my_cp_pkg/share/ament_index/resource_index/package_run_dependencies/my_cp_pkg
[7.759s] -- Installing: /home/emon/development/ros2_begginers/install/my_cp_pkg/share/ament_index/resource_index/parent_prefix_path/my_cp_pkg
[7.760s] -- Installing: /home/emon/development/ros2_begginers/install/my_cp_pkg/share/my_cp_pkg/environment/ament_prefix_path.sh
[7.760s] -- Installing: /home/emon/development/ros2_begginers/install/my_cp_pkg/share/my_cp_pkg/environment/ament_prefix_path.dsv
[7.760s] -- Installing: /home/emon/development/ros2_begginers/install/my_cp_pkg/share/my_cp_pkg/environment/path.sh
[7.761s] -- Installing: /home/emon/development/ros2_begginers/install/my_cp_pkg/share/my_cp_pkg/environment/path.dsv
[7.761s] -- Up-to-date: /home/emon/development/ros2_begginers/install/my_cp_pkg/share/my_cp_pkg/local_setup.bash
[7.761s] -- Up-to-date: /home/emon/development/ros2_begginers/install/my_cp_pkg/share/my_cp_pkg/local_setup.sh
[7.761s] -- Up-to-date: /home/emon/development/ros2_begginers/install/my_cp_pkg/share/my_cp_pkg/local_setup.zsh
[7.761s] -- Installing: /home/emon/development/ros2_begginers/install/my_cp_pkg/share/my_cp_pkg/local_setup.dsv
[7.761s] -- Installing: /home/emon/development/ros2_begginers/install/my_cp_pkg/share/my_cp_pkg/package.dsv
[7.762s] -- Up-to-date: /home/emon/development/ros2_begginers/install/my_cp_pkg/share/ament_index/resource_index/packages/my_cp_pkg
[7.762s] -- Up-to-date: /home/emon/development/ros2_begginers/install/my_cp_pkg/share/my_cp_pkg/cmake/my_cp_pkgConfig.cmake
[7.762s] -- Up-to-date: /home/emon/development/ros2_begginers/install/my_cp_pkg/share/my_cp_pkg/cmake/my_cp_pkgConfig-version.cmake
[7.762s] -- Installing: /home/emon/development/ros2_begginers/install/my_cp_pkg/share/my_cp_pkg/package.xml
[7.765s] Invoked command in '/home/emon/development/ros2_begginers/build/my_cp_pkg' returned '0': CMAKE_PREFIX_PATH=${CMAKE_PREFIX_PATH}:/home/emon/development/ros2_begginers/install/my_py_pkg_project:/home/emon/development/ros2_begginers/install/my_py_pkg:/opt/ros/humble /usr/bin/cmake --install /home/emon/development/ros2_begginers/build/my_cp_pkg
