[35m[1mConsolidate compiler generated dependencies of target cpp_node[0m
[ 50%] [32mBuilding CXX object CMakeFiles/cpp_node.dir/src/my_first_node.cpp.o[0m
[100%] [32m[1mLinking CXX executable cpp_node[0m
[100%] Built target cpp_node
-- Install configuration: ""
-- Installing: /home/emon/development/ros2_begginers/install/my_cp_pkg/lib/my_cp_pkg/cpp_node
-- Set runtime path of "/home/emon/development/ros2_begginers/install/my_cp_pkg/lib/my_cp_pkg/cpp_node" to ""
-- Up-to-date: /home/emon/development/ros2_begginers/install/my_cp_pkg/share/ament_index/resource_index/package_run_dependencies/my_cp_pkg
-- Up-to-date: /home/emon/development/ros2_begginers/install/my_cp_pkg/share/ament_index/resource_index/parent_prefix_path/my_cp_pkg
-- Up-to-date: /home/emon/development/ros2_begginers/install/my_cp_pkg/share/my_cp_pkg/environment/ament_prefix_path.sh
-- Up-to-date: /home/emon/development/ros2_begginers/install/my_cp_pkg/share/my_cp_pkg/environment/ament_prefix_path.dsv
-- Up-to-date: /home/emon/development/ros2_begginers/install/my_cp_pkg/share/my_cp_pkg/environment/path.sh
-- Up-to-date: /home/emon/development/ros2_begginers/install/my_cp_pkg/share/my_cp_pkg/environment/path.dsv
-- Up-to-date: /home/emon/development/ros2_begginers/install/my_cp_pkg/share/my_cp_pkg/local_setup.bash
-- Up-to-date: /home/emon/development/ros2_begginers/install/my_cp_pkg/share/my_cp_pkg/local_setup.sh
-- Up-to-date: /home/emon/development/ros2_begginers/install/my_cp_pkg/share/my_cp_pkg/local_setup.zsh
-- Up-to-date: /home/emon/development/ros2_begginers/install/my_cp_pkg/share/my_cp_pkg/local_setup.dsv
-- Installing: /home/emon/development/ros2_begginers/install/my_cp_pkg/share/my_cp_pkg/package.dsv
-- Up-to-date: /home/emon/development/ros2_begginers/install/my_cp_pkg/share/ament_index/resource_index/packages/my_cp_pkg
-- Up-to-date: /home/emon/development/ros2_begginers/install/my_cp_pkg/share/my_cp_pkg/cmake/my_cp_pkgConfig.cmake
-- Up-to-date: /home/emon/development/ros2_begginers/install/my_cp_pkg/share/my_cp_pkg/cmake/my_cp_pkgConfig-version.cmake
-- Up-to-date: /home/emon/development/ros2_begginers/install/my_cp_pkg/share/my_cp_pkg/package.xml
