[1.145s] DEBUG:colcon:Command line arguments: ['/usr/bin/colcon', 'build', '--packages-select', 'my_py_pkg_project', '--symlink-install']
[1.145s] DEBUG:colcon:Parsed command line arguments: Namespace(log_base=None, log_level=None, verb_name='build', build_base='build', install_base='install', merge_install=False, symlink_install=True, test_result_base=None, continue_on_error=False, executor='parallel', parallel_workers=8, event_handlers=None, ignore_user_meta=False, metas=['./colcon.meta'], base_paths=['.'], packages_ignore=None, packages_ignore_regex=None, paths=None, packages_up_to=None, packages_up_to_regex=None, packages_above=None, packages_above_and_dependencies=None, packages_above_depth=None, packages_select_by_dep=None, packages_skip_by_dep=None, packages_skip_up_to=None, packages_select_build_failed=False, packages_skip_build_finished=False, packages_select_test_failures=False, packages_skip_test_passed=False, packages_select=['my_py_pkg_project'], packages_skip=None, packages_select_regex=None, packages_skip_regex=None, packages_start=None, packages_end=None, allow_overriding=[], cmake_args=None, cmake_target=None, cmake_target_skip_unavailable=False, cmake_clean_cache=False, cmake_clean_first=False, cmake_force_configure=False, ament_cmake_args=None, catkin_cmake_args=None, catkin_skip_building_tests=False, verb_parser=<colcon_defaults.argument_parser.defaults.DefaultArgumentsDecorator object at 0x7f3dbfab6cb0>, verb_extension=<colcon_core.verb.build.BuildVerb object at 0x7f3dbfecbaf0>, main=<bound method BuildVerb.main of <colcon_core.verb.build.BuildVerb object at 0x7f3dbfecbaf0>>)
[1.196s] Level 1:colcon.colcon_core.package_discovery:discover_packages(colcon_meta) check parameters
[1.196s] Level 1:colcon.colcon_core.package_discovery:discover_packages(recursive) check parameters
[1.197s] Level 1:colcon.colcon_core.package_discovery:discover_packages(ignore) check parameters
[1.197s] Level 1:colcon.colcon_core.package_discovery:discover_packages(path) check parameters
[1.197s] Level 1:colcon.colcon_core.package_discovery:discover_packages(colcon_meta) discover
[1.197s] Level 1:colcon.colcon_core.package_discovery:discover_packages(recursive) discover
[1.197s] INFO:colcon.colcon_core.package_discovery:Crawling recursively for packages in '/home/emon/development/ros2_begginers'
[1.197s] Level 1:colcon.colcon_core.package_identification:_identify(.) by extensions ['ignore', 'ignore_ament_install']
[1.197s] Level 1:colcon.colcon_core.package_identification:_identify(.) by extension 'ignore'
[1.197s] Level 1:colcon.colcon_core.package_identification:_identify(.) by extension 'ignore_ament_install'
[1.197s] Level 1:colcon.colcon_core.package_identification:_identify(.) by extensions ['colcon_pkg']
[1.197s] Level 1:colcon.colcon_core.package_identification:_identify(.) by extension 'colcon_pkg'
[1.197s] Level 1:colcon.colcon_core.package_identification:_identify(.) by extensions ['colcon_meta']
[1.197s] Level 1:colcon.colcon_core.package_identification:_identify(.) by extension 'colcon_meta'
[1.197s] Level 1:colcon.colcon_core.package_identification:_identify(.) by extensions ['ros']
[1.197s] Level 1:colcon.colcon_core.package_identification:_identify(.) by extension 'ros'
[1.208s] Level 1:colcon.colcon_core.package_identification:_identify(.) by extensions ['cmake', 'python']
[1.208s] Level 1:colcon.colcon_core.package_identification:_identify(.) by extension 'cmake'
[1.208s] Level 1:colcon.colcon_core.package_identification:_identify(.) by extension 'python'
[1.208s] Level 1:colcon.colcon_core.package_identification:_identify(.) by extensions ['python_setup_py']
[1.208s] Level 1:colcon.colcon_core.package_identification:_identify(.) by extension 'python_setup_py'
[1.208s] Level 1:colcon.colcon_core.package_identification:_identify(Intro_to_ROS2_tools) by extensions ['ignore', 'ignore_ament_install']
[1.208s] Level 1:colcon.colcon_core.package_identification:_identify(Intro_to_ROS2_tools) by extension 'ignore'
[1.208s] Level 1:colcon.colcon_core.package_identification:_identify(Intro_to_ROS2_tools) by extension 'ignore_ament_install'
[1.209s] Level 1:colcon.colcon_core.package_identification:_identify(Intro_to_ROS2_tools) by extensions ['colcon_pkg']
[1.209s] Level 1:colcon.colcon_core.package_identification:_identify(Intro_to_ROS2_tools) by extension 'colcon_pkg'
[1.209s] Level 1:colcon.colcon_core.package_identification:_identify(Intro_to_ROS2_tools) by extensions ['colcon_meta']
[1.209s] Level 1:colcon.colcon_core.package_identification:_identify(Intro_to_ROS2_tools) by extension 'colcon_meta'
[1.209s] Level 1:colcon.colcon_core.package_identification:_identify(Intro_to_ROS2_tools) by extensions ['ros']
[1.209s] Level 1:colcon.colcon_core.package_identification:_identify(Intro_to_ROS2_tools) by extension 'ros'
[1.209s] Level 1:colcon.colcon_core.package_identification:_identify(Intro_to_ROS2_tools) by extensions ['cmake', 'python']
[1.209s] Level 1:colcon.colcon_core.package_identification:_identify(Intro_to_ROS2_tools) by extension 'cmake'
[1.209s] Level 1:colcon.colcon_core.package_identification:_identify(Intro_to_ROS2_tools) by extension 'python'
[1.209s] Level 1:colcon.colcon_core.package_identification:_identify(Intro_to_ROS2_tools) by extensions ['python_setup_py']
[1.209s] Level 1:colcon.colcon_core.package_identification:_identify(Intro_to_ROS2_tools) by extension 'python_setup_py'
[1.209s] Level 1:colcon.colcon_core.package_identification:_identify(ROS2_Service) by extensions ['ignore', 'ignore_ament_install']
[1.209s] Level 1:colcon.colcon_core.package_identification:_identify(ROS2_Service) by extension 'ignore'
[1.209s] Level 1:colcon.colcon_core.package_identification:_identify(ROS2_Service) by extension 'ignore_ament_install'
[1.209s] Level 1:colcon.colcon_core.package_identification:_identify(ROS2_Service) by extensions ['colcon_pkg']
[1.209s] Level 1:colcon.colcon_core.package_identification:_identify(ROS2_Service) by extension 'colcon_pkg'
[1.209s] Level 1:colcon.colcon_core.package_identification:_identify(ROS2_Service) by extensions ['colcon_meta']
[1.209s] Level 1:colcon.colcon_core.package_identification:_identify(ROS2_Service) by extension 'colcon_meta'
[1.209s] Level 1:colcon.colcon_core.package_identification:_identify(ROS2_Service) by extensions ['ros']
[1.209s] Level 1:colcon.colcon_core.package_identification:_identify(ROS2_Service) by extension 'ros'
[1.210s] Level 1:colcon.colcon_core.package_identification:_identify(ROS2_Service) by extensions ['cmake', 'python']
[1.210s] Level 1:colcon.colcon_core.package_identification:_identify(ROS2_Service) by extension 'cmake'
[1.210s] Level 1:colcon.colcon_core.package_identification:_identify(ROS2_Service) by extension 'python'
[1.210s] Level 1:colcon.colcon_core.package_identification:_identify(ROS2_Service) by extensions ['python_setup_py']
[1.210s] Level 1:colcon.colcon_core.package_identification:_identify(ROS2_Service) by extension 'python_setup_py'
[1.210s] Level 1:colcon.colcon_core.package_identification:_identify(ROS2_Topics) by extensions ['ignore', 'ignore_ament_install']
[1.210s] Level 1:colcon.colcon_core.package_identification:_identify(ROS2_Topics) by extension 'ignore'
[1.210s] Level 1:colcon.colcon_core.package_identification:_identify(ROS2_Topics) by extension 'ignore_ament_install'
[1.210s] Level 1:colcon.colcon_core.package_identification:_identify(ROS2_Topics) by extensions ['colcon_pkg']
[1.210s] Level 1:colcon.colcon_core.package_identification:_identify(ROS2_Topics) by extension 'colcon_pkg'
[1.210s] Level 1:colcon.colcon_core.package_identification:_identify(ROS2_Topics) by extensions ['colcon_meta']
[1.210s] Level 1:colcon.colcon_core.package_identification:_identify(ROS2_Topics) by extension 'colcon_meta'
[1.210s] Level 1:colcon.colcon_core.package_identification:_identify(ROS2_Topics) by extensions ['ros']
[1.210s] Level 1:colcon.colcon_core.package_identification:_identify(ROS2_Topics) by extension 'ros'
[1.210s] Level 1:colcon.colcon_core.package_identification:_identify(ROS2_Topics) by extensions ['cmake', 'python']
[1.210s] Level 1:colcon.colcon_core.package_identification:_identify(ROS2_Topics) by extension 'cmake'
[1.210s] Level 1:colcon.colcon_core.package_identification:_identify(ROS2_Topics) by extension 'python'
[1.210s] Level 1:colcon.colcon_core.package_identification:_identify(ROS2_Topics) by extensions ['python_setup_py']
[1.210s] Level 1:colcon.colcon_core.package_identification:_identify(ROS2_Topics) by extension 'python_setup_py'
[1.210s] Level 1:colcon.colcon_core.package_identification:_identify(Src) by extensions ['ignore', 'ignore_ament_install']
[1.211s] Level 1:colcon.colcon_core.package_identification:_identify(Src) by extension 'ignore'
[1.211s] Level 1:colcon.colcon_core.package_identification:_identify(Src) by extension 'ignore_ament_install'
[1.211s] Level 1:colcon.colcon_core.package_identification:_identify(Src) by extensions ['colcon_pkg']
[1.211s] Level 1:colcon.colcon_core.package_identification:_identify(Src) by extension 'colcon_pkg'
[1.211s] Level 1:colcon.colcon_core.package_identification:_identify(Src) by extensions ['colcon_meta']
[1.211s] Level 1:colcon.colcon_core.package_identification:_identify(Src) by extension 'colcon_meta'
[1.211s] Level 1:colcon.colcon_core.package_identification:_identify(Src) by extensions ['ros']
[1.211s] Level 1:colcon.colcon_core.package_identification:_identify(Src) by extension 'ros'
[1.211s] Level 1:colcon.colcon_core.package_identification:_identify(Src) by extensions ['cmake', 'python']
[1.211s] Level 1:colcon.colcon_core.package_identification:_identify(Src) by extension 'cmake'
[1.211s] Level 1:colcon.colcon_core.package_identification:_identify(Src) by extension 'python'
[1.211s] Level 1:colcon.colcon_core.package_identification:_identify(Src) by extensions ['python_setup_py']
[1.211s] Level 1:colcon.colcon_core.package_identification:_identify(Src) by extension 'python_setup_py'
[1.211s] Level 1:colcon.colcon_core.package_identification:_identify(Src/build) by extensions ['ignore', 'ignore_ament_install']
[1.211s] Level 1:colcon.colcon_core.package_identification:_identify(Src/build) by extension 'ignore'
[1.211s] Level 1:colcon.colcon_core.package_identification:_identify(Src/build) ignored
[1.211s] Level 1:colcon.colcon_core.package_identification:_identify(Src/install) by extensions ['ignore', 'ignore_ament_install']
[1.212s] Level 1:colcon.colcon_core.package_identification:_identify(Src/install) by extension 'ignore'
[1.212s] Level 1:colcon.colcon_core.package_identification:_identify(Src/install) ignored
[1.212s] Level 1:colcon.colcon_core.package_identification:_identify(Src/log) by extensions ['ignore', 'ignore_ament_install']
[1.212s] Level 1:colcon.colcon_core.package_identification:_identify(Src/log) by extension 'ignore'
[1.212s] Level 1:colcon.colcon_core.package_identification:_identify(Src/log) ignored
[1.212s] Level 1:colcon.colcon_core.package_identification:_identify(Src/my_py_pkg) by extensions ['ignore', 'ignore_ament_install']
[1.212s] Level 1:colcon.colcon_core.package_identification:_identify(Src/my_py_pkg) by extension 'ignore'
[1.212s] Level 1:colcon.colcon_core.package_identification:_identify(Src/my_py_pkg) by extension 'ignore_ament_install'
[1.212s] Level 1:colcon.colcon_core.package_identification:_identify(Src/my_py_pkg) by extensions ['colcon_pkg']
[1.212s] Level 1:colcon.colcon_core.package_identification:_identify(Src/my_py_pkg) by extension 'colcon_pkg'
[1.212s] Level 1:colcon.colcon_core.package_identification:_identify(Src/my_py_pkg) by extensions ['colcon_meta']
[1.212s] Level 1:colcon.colcon_core.package_identification:_identify(Src/my_py_pkg) by extension 'colcon_meta'
[1.212s] Level 1:colcon.colcon_core.package_identification:_identify(Src/my_py_pkg) by extensions ['ros']
[1.212s] Level 1:colcon.colcon_core.package_identification:_identify(Src/my_py_pkg) by extension 'ros'
[1.215s] DEBUG:colcon.colcon_core.package_identification:Package 'Src/my_py_pkg' with type 'ros.ament_python' and name 'my_py_pkg'
[1.215s] Level 1:colcon.colcon_core.package_identification:_identify(Src/my_py_pkg_project) by extensions ['ignore', 'ignore_ament_install']
[1.215s] Level 1:colcon.colcon_core.package_identification:_identify(Src/my_py_pkg_project) by extension 'ignore'
[1.215s] Level 1:colcon.colcon_core.package_identification:_identify(Src/my_py_pkg_project) by extension 'ignore_ament_install'
[1.215s] Level 1:colcon.colcon_core.package_identification:_identify(Src/my_py_pkg_project) by extensions ['colcon_pkg']
[1.215s] Level 1:colcon.colcon_core.package_identification:_identify(Src/my_py_pkg_project) by extension 'colcon_pkg'
[1.215s] Level 1:colcon.colcon_core.package_identification:_identify(Src/my_py_pkg_project) by extensions ['colcon_meta']
[1.215s] Level 1:colcon.colcon_core.package_identification:_identify(Src/my_py_pkg_project) by extension 'colcon_meta'
[1.215s] Level 1:colcon.colcon_core.package_identification:_identify(Src/my_py_pkg_project) by extensions ['ros']
[1.215s] Level 1:colcon.colcon_core.package_identification:_identify(Src/my_py_pkg_project) by extension 'ros'
[1.216s] DEBUG:colcon.colcon_core.package_identification:Package 'Src/my_py_pkg_project' with type 'ros.ament_python' and name 'my_py_pkg_project'
[1.216s] Level 1:colcon.colcon_core.package_identification:_identify(build) by extensions ['ignore', 'ignore_ament_install']
[1.216s] Level 1:colcon.colcon_core.package_identification:_identify(build) by extension 'ignore'
[1.216s] Level 1:colcon.colcon_core.package_identification:_identify(build) ignored
[1.216s] Level 1:colcon.colcon_core.package_identification:_identify(install) by extensions ['ignore', 'ignore_ament_install']
[1.216s] Level 1:colcon.colcon_core.package_identification:_identify(install) by extension 'ignore'
[1.216s] Level 1:colcon.colcon_core.package_identification:_identify(install) ignored
[1.216s] Level 1:colcon.colcon_core.package_identification:_identify(log) by extensions ['ignore', 'ignore_ament_install']
[1.217s] Level 1:colcon.colcon_core.package_identification:_identify(log) by extension 'ignore'
[1.217s] Level 1:colcon.colcon_core.package_identification:_identify(log) ignored
[1.217s] Level 1:colcon.colcon_core.package_identification:_identify(src) by extensions ['ignore', 'ignore_ament_install']
[1.217s] Level 1:colcon.colcon_core.package_identification:_identify(src) by extension 'ignore'
[1.217s] Level 1:colcon.colcon_core.package_identification:_identify(src) by extension 'ignore_ament_install'
[1.217s] Level 1:colcon.colcon_core.package_identification:_identify(src) by extensions ['colcon_pkg']
[1.217s] Level 1:colcon.colcon_core.package_identification:_identify(src) by extension 'colcon_pkg'
[1.217s] Level 1:colcon.colcon_core.package_identification:_identify(src) by extensions ['colcon_meta']
[1.217s] Level 1:colcon.colcon_core.package_identification:_identify(src) by extension 'colcon_meta'
[1.217s] Level 1:colcon.colcon_core.package_identification:_identify(src) by extensions ['ros']
[1.217s] Level 1:colcon.colcon_core.package_identification:_identify(src) by extension 'ros'
[1.217s] Level 1:colcon.colcon_core.package_identification:_identify(src) by extensions ['cmake', 'python']
[1.217s] Level 1:colcon.colcon_core.package_identification:_identify(src) by extension 'cmake'
[1.217s] Level 1:colcon.colcon_core.package_identification:_identify(src) by extension 'python'
[1.217s] Level 1:colcon.colcon_core.package_identification:_identify(src) by extensions ['python_setup_py']
[1.217s] Level 1:colcon.colcon_core.package_identification:_identify(src) by extension 'python_setup_py'
[1.217s] Level 1:colcon.colcon_core.package_identification:_identify(src/my_cp_pkg) by extensions ['ignore', 'ignore_ament_install']
[1.217s] Level 1:colcon.colcon_core.package_identification:_identify(src/my_cp_pkg) by extension 'ignore'
[1.218s] Level 1:colcon.colcon_core.package_identification:_identify(src/my_cp_pkg) by extension 'ignore_ament_install'
[1.218s] Level 1:colcon.colcon_core.package_identification:_identify(src/my_cp_pkg) by extensions ['colcon_pkg']
[1.218s] Level 1:colcon.colcon_core.package_identification:_identify(src/my_cp_pkg) by extension 'colcon_pkg'
[1.218s] Level 1:colcon.colcon_core.package_identification:_identify(src/my_cp_pkg) by extensions ['colcon_meta']
[1.218s] Level 1:colcon.colcon_core.package_identification:_identify(src/my_cp_pkg) by extension 'colcon_meta'
[1.218s] Level 1:colcon.colcon_core.package_identification:_identify(src/my_cp_pkg) by extensions ['ros']
[1.218s] Level 1:colcon.colcon_core.package_identification:_identify(src/my_cp_pkg) by extension 'ros'
[1.218s] DEBUG:colcon.colcon_core.package_identification:Package 'src/my_cp_pkg' with type 'ros.ament_cmake' and name 'my_cp_pkg'
[1.218s] Level 1:colcon.colcon_core.package_discovery:discover_packages(recursive) using defaults
[1.218s] Level 1:colcon.colcon_core.package_discovery:discover_packages(ignore) discover
[1.218s] Level 1:colcon.colcon_core.package_discovery:discover_packages(ignore) using defaults
[1.218s] Level 1:colcon.colcon_core.package_discovery:discover_packages(path) discover
[1.218s] Level 1:colcon.colcon_core.package_discovery:discover_packages(path) using defaults
[1.290s] INFO:colcon.colcon_core.package_selection:Skipping not selected package 'my_cp_pkg' in 'src/my_cp_pkg'
[1.290s] INFO:colcon.colcon_core.package_selection:Skipping not selected package 'my_py_pkg' in 'Src/my_py_pkg'
[1.321s] Level 1:colcon.colcon_core.package_discovery:discover_packages(prefix_path) check parameters
[1.321s] Level 1:colcon.colcon_core.package_discovery:discover_packages(prefix_path) discover
[1.354s] DEBUG:colcon.colcon_installed_package_information.package_discovery:Found 2 installed packages in /home/emon/development/ros2_begginers/install
[1.371s] DEBUG:colcon.colcon_installed_package_information.package_discovery:Found 386 installed packages in /opt/ros/humble
[1.383s] Level 1:colcon.colcon_core.package_discovery:discover_packages(prefix_path) using defaults
[1.499s] Level 5:colcon.colcon_core.verb:set package 'my_py_pkg_project' build argument 'cmake_args' from command line to 'None'
[1.499s] Level 5:colcon.colcon_core.verb:set package 'my_py_pkg_project' build argument 'cmake_target' from command line to 'None'
[1.499s] Level 5:colcon.colcon_core.verb:set package 'my_py_pkg_project' build argument 'cmake_target_skip_unavailable' from command line to 'False'
[1.499s] Level 5:colcon.colcon_core.verb:set package 'my_py_pkg_project' build argument 'cmake_clean_cache' from command line to 'False'
[1.500s] Level 5:colcon.colcon_core.verb:set package 'my_py_pkg_project' build argument 'cmake_clean_first' from command line to 'False'
[1.500s] Level 5:colcon.colcon_core.verb:set package 'my_py_pkg_project' build argument 'cmake_force_configure' from command line to 'False'
[1.500s] Level 5:colcon.colcon_core.verb:set package 'my_py_pkg_project' build argument 'ament_cmake_args' from command line to 'None'
[1.500s] Level 5:colcon.colcon_core.verb:set package 'my_py_pkg_project' build argument 'catkin_cmake_args' from command line to 'None'
[1.500s] Level 5:colcon.colcon_core.verb:set package 'my_py_pkg_project' build argument 'catkin_skip_building_tests' from command line to 'False'
[1.500s] DEBUG:colcon.colcon_core.verb:Building package 'my_py_pkg_project' with the following arguments: {'ament_cmake_args': None, 'build_base': '/home/emon/development/ros2_begginers/build/my_py_pkg_project', 'catkin_cmake_args': None, 'catkin_skip_building_tests': False, 'cmake_args': None, 'cmake_clean_cache': False, 'cmake_clean_first': False, 'cmake_force_configure': False, 'cmake_target': None, 'cmake_target_skip_unavailable': False, 'install_base': '/home/emon/development/ros2_begginers/install/my_py_pkg_project', 'merge_install': False, 'path': '/home/emon/development/ros2_begginers/Src/my_py_pkg_project', 'symlink_install': True, 'test_result_base': None}
[1.516s] INFO:colcon.colcon_core.executor:Executing jobs using 'parallel' executor
[1.534s] DEBUG:colcon.colcon_parallel_executor.executor.parallel:run_until_complete
[1.534s] INFO:colcon.colcon_ros.task.ament_python.build:Building ROS package in '/home/emon/development/ros2_begginers/Src/my_py_pkg_project' with build type 'ament_python'
[1.535s] Level 1:colcon.colcon_core.shell:create_environment_hook('my_py_pkg_project', 'ament_prefix_path')
[1.553s] INFO:colcon.colcon_core.plugin_system:Skipping extension 'colcon_core.shell.bat': Not used on non-Windows systems
[1.553s] INFO:colcon.colcon_core.shell:Creating environment hook '/home/emon/development/ros2_begginers/install/my_py_pkg_project/share/my_py_pkg_project/hook/ament_prefix_path.ps1'
[1.554s] INFO:colcon.colcon_core.shell:Creating environment descriptor '/home/emon/development/ros2_begginers/install/my_py_pkg_project/share/my_py_pkg_project/hook/ament_prefix_path.dsv'
[1.554s] INFO:colcon.colcon_core.shell:Creating environment hook '/home/emon/development/ros2_begginers/install/my_py_pkg_project/share/my_py_pkg_project/hook/ament_prefix_path.sh'
[1.572s] INFO:colcon.colcon_core.shell:Skip shell extension 'powershell' for command environment: Not usable outside of PowerShell
[1.573s] DEBUG:colcon.colcon_core.shell:Skip shell extension 'dsv' for command environment
[1.950s] INFO:colcon.colcon_core.task.python.build:Building Python package in '/home/emon/development/ros2_begginers/Src/my_py_pkg_project'
[1.971s] INFO:colcon.colcon_core.shell:Skip shell extension 'powershell' for command environment: Not usable outside of PowerShell
[1.971s] DEBUG:colcon.colcon_core.shell:Skip shell extension 'dsv' for command environment
[2.454s] DEBUG:colcon.colcon_core.event_handler.log_command:Invoking command in '/home/emon/development/ros2_begginers/build/my_py_pkg_project': PYTHONPATH=/home/emon/development/ros2_begginers/build/my_py_pkg_project/prefix_override:/home/emon/development/ros2_begginers/install/my_py_pkg_project/lib/python3.10/site-packages:${PYTHONPATH} /usr/bin/python3 setup.py develop --editable --build-directory /home/emon/development/ros2_begginers/build/my_py_pkg_project/build --no-deps install_data
[3.010s] Level 1:colcon.colcon_core.shell:create_environment_hook('my_py_pkg_project', 'pythonpath_develop')
[3.011s] DEBUG:colcon.colcon_core.event_handler.log_command:Invoked command in '/home/emon/development/ros2_begginers/build/my_py_pkg_project' returned '0': PYTHONPATH=/home/emon/development/ros2_begginers/build/my_py_pkg_project/prefix_override:/home/emon/development/ros2_begginers/install/my_py_pkg_project/lib/python3.10/site-packages:${PYTHONPATH} /usr/bin/python3 setup.py develop --editable --build-directory /home/emon/development/ros2_begginers/build/my_py_pkg_project/build --no-deps install_data
[3.032s] INFO:colcon.colcon_core.shell:Creating environment hook '/home/emon/development/ros2_begginers/build/my_py_pkg_project/share/my_py_pkg_project/hook/pythonpath_develop.ps1'
[3.033s] INFO:colcon.colcon_core.shell:Creating environment descriptor '/home/emon/development/ros2_begginers/build/my_py_pkg_project/share/my_py_pkg_project/hook/pythonpath_develop.dsv'
[3.033s] INFO:colcon.colcon_core.shell:Creating environment hook '/home/emon/development/ros2_begginers/build/my_py_pkg_project/share/my_py_pkg_project/hook/pythonpath_develop.sh'
[3.056s] Level 1:colcon.colcon_core.environment:checking '/home/emon/development/ros2_begginers/install/my_py_pkg_project' for CMake module files
[3.056s] Level 1:colcon.colcon_core.environment:checking '/home/emon/development/ros2_begginers/install/my_py_pkg_project' for CMake config files
[3.057s] Level 1:colcon.colcon_core.environment:checking '/home/emon/development/ros2_begginers/install/my_py_pkg_project/lib'
[3.057s] Level 1:colcon.colcon_core.environment:checking '/home/emon/development/ros2_begginers/install/my_py_pkg_project/bin'
[3.057s] Level 1:colcon.colcon_core.environment:checking '/home/emon/development/ros2_begginers/install/my_py_pkg_project/lib/pkgconfig/my_py_pkg_project.pc'
[3.058s] Level 1:colcon.colcon_core.environment:checking '/home/emon/development/ros2_begginers/install/my_py_pkg_project/lib/python3.10/site-packages'
[3.058s] Level 1:colcon.colcon_core.shell:create_environment_hook('my_py_pkg_project', 'pythonpath')
[3.078s] INFO:colcon.colcon_core.shell:Creating environment hook '/home/emon/development/ros2_begginers/install/my_py_pkg_project/share/my_py_pkg_project/hook/pythonpath.ps1'
[3.078s] INFO:colcon.colcon_core.shell:Creating environment descriptor '/home/emon/development/ros2_begginers/install/my_py_pkg_project/share/my_py_pkg_project/hook/pythonpath.dsv'
[3.078s] INFO:colcon.colcon_core.shell:Creating environment hook '/home/emon/development/ros2_begginers/install/my_py_pkg_project/share/my_py_pkg_project/hook/pythonpath.sh'
[3.079s] Level 1:colcon.colcon_core.environment:checking '/home/emon/development/ros2_begginers/install/my_py_pkg_project/bin'
[3.079s] Level 1:colcon.colcon_core.environment:create_environment_scripts_only(my_py_pkg_project)
[3.097s] INFO:colcon.colcon_core.shell:Creating package script '/home/emon/development/ros2_begginers/install/my_py_pkg_project/share/my_py_pkg_project/package.ps1'
[3.098s] INFO:colcon.colcon_core.shell:Creating package descriptor '/home/emon/development/ros2_begginers/install/my_py_pkg_project/share/my_py_pkg_project/package.dsv'
[3.098s] INFO:colcon.colcon_core.shell:Creating package script '/home/emon/development/ros2_begginers/install/my_py_pkg_project/share/my_py_pkg_project/package.sh'
[3.099s] INFO:colcon.colcon_core.shell:Creating package script '/home/emon/development/ros2_begginers/install/my_py_pkg_project/share/my_py_pkg_project/package.bash'
[3.100s] INFO:colcon.colcon_core.shell:Creating package script '/home/emon/development/ros2_begginers/install/my_py_pkg_project/share/my_py_pkg_project/package.zsh'
[3.100s] Level 1:colcon.colcon_core.environment:create_file_with_runtime_dependencies(/home/emon/development/ros2_begginers/install/my_py_pkg_project/share/colcon-core/packages/my_py_pkg_project)
[3.101s] DEBUG:colcon.colcon_parallel_executor.executor.parallel:closing loop
[3.101s] DEBUG:colcon.colcon_parallel_executor.executor.parallel:loop closed
[3.101s] DEBUG:colcon.colcon_parallel_executor.executor.parallel:run_until_complete finished with '0'
[3.101s] DEBUG:colcon.colcon_core.event_reactor:joining thread
[3.123s] INFO:colcon.colcon_core.plugin_system:Skipping extension 'colcon_notification.desktop_notification.terminal_notifier': Not used on non-Darwin systems
[3.123s] INFO:colcon.colcon_core.plugin_system:Skipping extension 'colcon_notification.desktop_notification.win32': Not used on non-Windows systems
[3.123s] INFO:colcon.colcon_notification.desktop_notification:Sending desktop notification using 'notify2'
[3.137s] DEBUG:colcon.colcon_core.event_reactor:joined thread
[3.165s] INFO:colcon.colcon_core.shell:Creating prefix script '/home/emon/development/ros2_begginers/install/local_setup.ps1'
[3.167s] INFO:colcon.colcon_core.shell:Creating prefix util module '/home/emon/development/ros2_begginers/install/_local_setup_util_ps1.py'
[3.169s] INFO:colcon.colcon_core.shell:Creating prefix chain script '/home/emon/development/ros2_begginers/install/setup.ps1'
[3.194s] INFO:colcon.colcon_core.shell:Creating prefix script '/home/emon/development/ros2_begginers/install/local_setup.sh'
[3.194s] INFO:colcon.colcon_core.shell:Creating prefix util module '/home/emon/development/ros2_begginers/install/_local_setup_util_sh.py'
[3.195s] INFO:colcon.colcon_core.shell:Creating prefix chain script '/home/emon/development/ros2_begginers/install/setup.sh'
[3.218s] INFO:colcon.colcon_core.shell:Creating prefix script '/home/emon/development/ros2_begginers/install/local_setup.bash'
[3.219s] INFO:colcon.colcon_core.shell:Creating prefix chain script '/home/emon/development/ros2_begginers/install/setup.bash'
[3.241s] INFO:colcon.colcon_core.shell:Creating prefix script '/home/emon/development/ros2_begginers/install/local_setup.zsh'
[3.241s] INFO:colcon.colcon_core.shell:Creating prefix chain script '/home/emon/development/ros2_begginers/install/setup.zsh'
