[1.630s] DEBUG:colcon:Command line arguments: ['/usr/bin/colcon', 'build', '--packages-select', 'my_py_pkg', '--symlink-install']
[1.630s] DEBUG:colcon:Parsed command line arguments: Namespace(log_base=None, log_level=None, verb_name='build', build_base='build', install_base='install', merge_install=False, symlink_install=True, test_result_base=None, continue_on_error=False, executor='parallel', parallel_workers=8, event_handlers=None, ignore_user_meta=False, metas=['./colcon.meta'], base_paths=['.'], packages_ignore=None, packages_ignore_regex=None, paths=None, packages_up_to=None, packages_up_to_regex=None, packages_above=None, packages_above_and_dependencies=None, packages_above_depth=None, packages_select_by_dep=None, packages_skip_by_dep=None, packages_skip_up_to=None, packages_select_build_failed=False, packages_skip_build_finished=False, packages_select_test_failures=False, packages_skip_test_passed=False, packages_select=['my_py_pkg'], packages_skip=None, packages_select_regex=None, packages_skip_regex=None, packages_start=None, packages_end=None, allow_overriding=[], cmake_args=None, cmake_target=None, cmake_target_skip_unavailable=False, cmake_clean_cache=False, cmake_clean_first=False, cmake_force_configure=False, ament_cmake_args=None, catkin_cmake_args=None, catkin_skip_building_tests=False, verb_parser=<colcon_defaults.argument_parser.defaults.DefaultArgumentsDecorator object at 0x7fe5d946d6c0>, verb_extension=<colcon_core.verb.build.BuildVerb object at 0x7fe5d946c490>, main=<bound method BuildVerb.main of <colcon_core.verb.build.BuildVerb object at 0x7fe5d946c490>>)
[1.684s] Level 1:colcon.colcon_core.package_discovery:discover_packages(colcon_meta) check parameters
[1.684s] Level 1:colcon.colcon_core.package_discovery:discover_packages(recursive) check parameters
[1.684s] Level 1:colcon.colcon_core.package_discovery:discover_packages(ignore) check parameters
[1.684s] Level 1:colcon.colcon_core.package_discovery:discover_packages(path) check parameters
[1.684s] Level 1:colcon.colcon_core.package_discovery:discover_packages(colcon_meta) discover
[1.684s] Level 1:colcon.colcon_core.package_discovery:discover_packages(recursive) discover
[1.685s] INFO:colcon.colcon_core.package_discovery:Crawling recursively for packages in '/home/emon/development/ros2_begginers'
[1.685s] Level 1:colcon.colcon_core.package_identification:_identify(.) by extensions ['ignore', 'ignore_ament_install']
[1.685s] Level 1:colcon.colcon_core.package_identification:_identify(.) by extension 'ignore'
[1.685s] Level 1:colcon.colcon_core.package_identification:_identify(.) by extension 'ignore_ament_install'
[1.685s] Level 1:colcon.colcon_core.package_identification:_identify(.) by extensions ['colcon_pkg']
[1.685s] Level 1:colcon.colcon_core.package_identification:_identify(.) by extension 'colcon_pkg'
[1.685s] Level 1:colcon.colcon_core.package_identification:_identify(.) by extensions ['colcon_meta']
[1.685s] Level 1:colcon.colcon_core.package_identification:_identify(.) by extension 'colcon_meta'
[1.685s] Level 1:colcon.colcon_core.package_identification:_identify(.) by extensions ['ros']
[1.686s] Level 1:colcon.colcon_core.package_identification:_identify(.) by extension 'ros'
[1.699s] Level 1:colcon.colcon_core.package_identification:_identify(.) by extensions ['cmake', 'python']
[1.699s] Level 1:colcon.colcon_core.package_identification:_identify(.) by extension 'cmake'
[1.699s] Level 1:colcon.colcon_core.package_identification:_identify(.) by extension 'python'
[1.699s] Level 1:colcon.colcon_core.package_identification:_identify(.) by extensions ['python_setup_py']
[1.699s] Level 1:colcon.colcon_core.package_identification:_identify(.) by extension 'python_setup_py'
[1.699s] Level 1:colcon.colcon_core.package_identification:_identify(Intro_to_ROS2_tools) by extensions ['ignore', 'ignore_ament_install']
[1.699s] Level 1:colcon.colcon_core.package_identification:_identify(Intro_to_ROS2_tools) by extension 'ignore'
[1.699s] Level 1:colcon.colcon_core.package_identification:_identify(Intro_to_ROS2_tools) by extension 'ignore_ament_install'
[1.699s] Level 1:colcon.colcon_core.package_identification:_identify(Intro_to_ROS2_tools) by extensions ['colcon_pkg']
[1.699s] Level 1:colcon.colcon_core.package_identification:_identify(Intro_to_ROS2_tools) by extension 'colcon_pkg'
[1.699s] Level 1:colcon.colcon_core.package_identification:_identify(Intro_to_ROS2_tools) by extensions ['colcon_meta']
[1.699s] Level 1:colcon.colcon_core.package_identification:_identify(Intro_to_ROS2_tools) by extension 'colcon_meta'
[1.699s] Level 1:colcon.colcon_core.package_identification:_identify(Intro_to_ROS2_tools) by extensions ['ros']
[1.699s] Level 1:colcon.colcon_core.package_identification:_identify(Intro_to_ROS2_tools) by extension 'ros'
[1.699s] Level 1:colcon.colcon_core.package_identification:_identify(Intro_to_ROS2_tools) by extensions ['cmake', 'python']
[1.700s] Level 1:colcon.colcon_core.package_identification:_identify(Intro_to_ROS2_tools) by extension 'cmake'
[1.700s] Level 1:colcon.colcon_core.package_identification:_identify(Intro_to_ROS2_tools) by extension 'python'
[1.700s] Level 1:colcon.colcon_core.package_identification:_identify(Intro_to_ROS2_tools) by extensions ['python_setup_py']
[1.700s] Level 1:colcon.colcon_core.package_identification:_identify(Intro_to_ROS2_tools) by extension 'python_setup_py'
[1.700s] Level 1:colcon.colcon_core.package_identification:_identify(Src) by extensions ['ignore', 'ignore_ament_install']
[1.700s] Level 1:colcon.colcon_core.package_identification:_identify(Src) by extension 'ignore'
[1.700s] Level 1:colcon.colcon_core.package_identification:_identify(Src) by extension 'ignore_ament_install'
[1.700s] Level 1:colcon.colcon_core.package_identification:_identify(Src) by extensions ['colcon_pkg']
[1.700s] Level 1:colcon.colcon_core.package_identification:_identify(Src) by extension 'colcon_pkg'
[1.700s] Level 1:colcon.colcon_core.package_identification:_identify(Src) by extensions ['colcon_meta']
[1.700s] Level 1:colcon.colcon_core.package_identification:_identify(Src) by extension 'colcon_meta'
[1.700s] Level 1:colcon.colcon_core.package_identification:_identify(Src) by extensions ['ros']
[1.700s] Level 1:colcon.colcon_core.package_identification:_identify(Src) by extension 'ros'
[1.700s] Level 1:colcon.colcon_core.package_identification:_identify(Src) by extensions ['cmake', 'python']
[1.700s] Level 1:colcon.colcon_core.package_identification:_identify(Src) by extension 'cmake'
[1.700s] Level 1:colcon.colcon_core.package_identification:_identify(Src) by extension 'python'
[1.700s] Level 1:colcon.colcon_core.package_identification:_identify(Src) by extensions ['python_setup_py']
[1.700s] Level 1:colcon.colcon_core.package_identification:_identify(Src) by extension 'python_setup_py'
[1.701s] Level 1:colcon.colcon_core.package_identification:_identify(Src/my_py_pkg) by extensions ['ignore', 'ignore_ament_install']
[1.701s] Level 1:colcon.colcon_core.package_identification:_identify(Src/my_py_pkg) by extension 'ignore'
[1.701s] Level 1:colcon.colcon_core.package_identification:_identify(Src/my_py_pkg) by extension 'ignore_ament_install'
[1.701s] Level 1:colcon.colcon_core.package_identification:_identify(Src/my_py_pkg) by extensions ['colcon_pkg']
[1.701s] Level 1:colcon.colcon_core.package_identification:_identify(Src/my_py_pkg) by extension 'colcon_pkg'
[1.701s] Level 1:colcon.colcon_core.package_identification:_identify(Src/my_py_pkg) by extensions ['colcon_meta']
[1.701s] Level 1:colcon.colcon_core.package_identification:_identify(Src/my_py_pkg) by extension 'colcon_meta'
[1.701s] Level 1:colcon.colcon_core.package_identification:_identify(Src/my_py_pkg) by extensions ['ros']
[1.701s] Level 1:colcon.colcon_core.package_identification:_identify(Src/my_py_pkg) by extension 'ros'
[1.704s] DEBUG:colcon.colcon_core.package_identification:Package 'Src/my_py_pkg' with type 'ros.ament_python' and name 'my_py_pkg'
[1.704s] Level 1:colcon.colcon_core.package_identification:_identify(build) by extensions ['ignore', 'ignore_ament_install']
[1.704s] Level 1:colcon.colcon_core.package_identification:_identify(build) by extension 'ignore'
[1.704s] Level 1:colcon.colcon_core.package_identification:_identify(build) ignored
[1.704s] Level 1:colcon.colcon_core.package_identification:_identify(install) by extensions ['ignore', 'ignore_ament_install']
[1.704s] Level 1:colcon.colcon_core.package_identification:_identify(install) by extension 'ignore'
[1.704s] Level 1:colcon.colcon_core.package_identification:_identify(install) ignored
[1.704s] Level 1:colcon.colcon_core.package_identification:_identify(log) by extensions ['ignore', 'ignore_ament_install']
[1.704s] Level 1:colcon.colcon_core.package_identification:_identify(log) by extension 'ignore'
[1.705s] Level 1:colcon.colcon_core.package_identification:_identify(log) ignored
[1.705s] Level 1:colcon.colcon_core.package_identification:_identify(src) by extensions ['ignore', 'ignore_ament_install']
[1.705s] Level 1:colcon.colcon_core.package_identification:_identify(src) by extension 'ignore'
[1.705s] Level 1:colcon.colcon_core.package_identification:_identify(src) by extension 'ignore_ament_install'
[1.705s] Level 1:colcon.colcon_core.package_identification:_identify(src) by extensions ['colcon_pkg']
[1.705s] Level 1:colcon.colcon_core.package_identification:_identify(src) by extension 'colcon_pkg'
[1.705s] Level 1:colcon.colcon_core.package_identification:_identify(src) by extensions ['colcon_meta']
[1.705s] Level 1:colcon.colcon_core.package_identification:_identify(src) by extension 'colcon_meta'
[1.705s] Level 1:colcon.colcon_core.package_identification:_identify(src) by extensions ['ros']
[1.705s] Level 1:colcon.colcon_core.package_identification:_identify(src) by extension 'ros'
[1.705s] Level 1:colcon.colcon_core.package_identification:_identify(src) by extensions ['cmake', 'python']
[1.705s] Level 1:colcon.colcon_core.package_identification:_identify(src) by extension 'cmake'
[1.705s] Level 1:colcon.colcon_core.package_identification:_identify(src) by extension 'python'
[1.705s] Level 1:colcon.colcon_core.package_identification:_identify(src) by extensions ['python_setup_py']
[1.705s] Level 1:colcon.colcon_core.package_identification:_identify(src) by extension 'python_setup_py'
[1.706s] Level 1:colcon.colcon_core.package_identification:_identify(src/my_cp_pkg) by extensions ['ignore', 'ignore_ament_install']
[1.706s] Level 1:colcon.colcon_core.package_identification:_identify(src/my_cp_pkg) by extension 'ignore'
[1.706s] Level 1:colcon.colcon_core.package_identification:_identify(src/my_cp_pkg) by extension 'ignore_ament_install'
[1.706s] Level 1:colcon.colcon_core.package_identification:_identify(src/my_cp_pkg) by extensions ['colcon_pkg']
[1.706s] Level 1:colcon.colcon_core.package_identification:_identify(src/my_cp_pkg) by extension 'colcon_pkg'
[1.706s] Level 1:colcon.colcon_core.package_identification:_identify(src/my_cp_pkg) by extensions ['colcon_meta']
[1.706s] Level 1:colcon.colcon_core.package_identification:_identify(src/my_cp_pkg) by extension 'colcon_meta'
[1.706s] Level 1:colcon.colcon_core.package_identification:_identify(src/my_cp_pkg) by extensions ['ros']
[1.706s] Level 1:colcon.colcon_core.package_identification:_identify(src/my_cp_pkg) by extension 'ros'
[1.707s] DEBUG:colcon.colcon_core.package_identification:Package 'src/my_cp_pkg' with type 'ros.ament_cmake' and name 'my_cp_pkg'
[1.707s] Level 1:colcon.colcon_core.package_discovery:discover_packages(recursive) using defaults
[1.707s] Level 1:colcon.colcon_core.package_discovery:discover_packages(ignore) discover
[1.707s] Level 1:colcon.colcon_core.package_discovery:discover_packages(ignore) using defaults
[1.707s] Level 1:colcon.colcon_core.package_discovery:discover_packages(path) discover
[1.707s] Level 1:colcon.colcon_core.package_discovery:discover_packages(path) using defaults
[1.802s] INFO:colcon.colcon_core.package_selection:Skipping not selected package 'my_cp_pkg' in 'src/my_cp_pkg'
[1.836s] Level 1:colcon.colcon_core.package_discovery:discover_packages(prefix_path) check parameters
[1.836s] Level 1:colcon.colcon_core.package_discovery:discover_packages(prefix_path) discover
[1.870s] DEBUG:colcon.colcon_installed_package_information.package_discovery:Found 1 installed packages in /home/emon/development/ros2_begginers/install
[1.892s] DEBUG:colcon.colcon_installed_package_information.package_discovery:Found 270 installed packages in /opt/ros/humble
[1.894s] Level 1:colcon.colcon_core.package_discovery:discover_packages(prefix_path) using defaults
[2.058s] Level 5:colcon.colcon_core.verb:set package 'my_py_pkg' build argument 'cmake_args' from command line to 'None'
[2.059s] Level 5:colcon.colcon_core.verb:set package 'my_py_pkg' build argument 'cmake_target' from command line to 'None'
[2.059s] Level 5:colcon.colcon_core.verb:set package 'my_py_pkg' build argument 'cmake_target_skip_unavailable' from command line to 'False'
[2.059s] Level 5:colcon.colcon_core.verb:set package 'my_py_pkg' build argument 'cmake_clean_cache' from command line to 'False'
[2.059s] Level 5:colcon.colcon_core.verb:set package 'my_py_pkg' build argument 'cmake_clean_first' from command line to 'False'
[2.059s] Level 5:colcon.colcon_core.verb:set package 'my_py_pkg' build argument 'cmake_force_configure' from command line to 'False'
[2.059s] Level 5:colcon.colcon_core.verb:set package 'my_py_pkg' build argument 'ament_cmake_args' from command line to 'None'
[2.059s] Level 5:colcon.colcon_core.verb:set package 'my_py_pkg' build argument 'catkin_cmake_args' from command line to 'None'
[2.059s] Level 5:colcon.colcon_core.verb:set package 'my_py_pkg' build argument 'catkin_skip_building_tests' from command line to 'False'
[2.059s] DEBUG:colcon.colcon_core.verb:Building package 'my_py_pkg' with the following arguments: {'ament_cmake_args': None, 'build_base': '/home/emon/development/ros2_begginers/build/my_py_pkg', 'catkin_cmake_args': None, 'catkin_skip_building_tests': False, 'cmake_args': None, 'cmake_clean_cache': False, 'cmake_clean_first': False, 'cmake_force_configure': False, 'cmake_target': None, 'cmake_target_skip_unavailable': False, 'install_base': '/home/emon/development/ros2_begginers/install/my_py_pkg', 'merge_install': False, 'path': '/home/emon/development/ros2_begginers/Src/my_py_pkg', 'symlink_install': True, 'test_result_base': None}
[2.086s] INFO:colcon.colcon_core.executor:Executing jobs using 'parallel' executor
[2.120s] DEBUG:colcon.colcon_parallel_executor.executor.parallel:run_until_complete
[2.121s] INFO:colcon.colcon_ros.task.ament_python.build:Building ROS package in '/home/emon/development/ros2_begginers/Src/my_py_pkg' with build type 'ament_python'
[2.122s] Level 1:colcon.colcon_core.shell:create_environment_hook('my_py_pkg', 'ament_prefix_path')
[2.160s] INFO:colcon.colcon_core.plugin_system:Skipping extension 'colcon_core.shell.bat': Not used on non-Windows systems
[2.160s] INFO:colcon.colcon_core.shell:Creating environment hook '/home/emon/development/ros2_begginers/install/my_py_pkg/share/my_py_pkg/hook/ament_prefix_path.ps1'
[2.161s] INFO:colcon.colcon_core.shell:Creating environment descriptor '/home/emon/development/ros2_begginers/install/my_py_pkg/share/my_py_pkg/hook/ament_prefix_path.dsv'
[2.161s] INFO:colcon.colcon_core.shell:Creating environment hook '/home/emon/development/ros2_begginers/install/my_py_pkg/share/my_py_pkg/hook/ament_prefix_path.sh'
[2.190s] INFO:colcon.colcon_core.shell:Skip shell extension 'powershell' for command environment: Not usable outside of PowerShell
[2.190s] DEBUG:colcon.colcon_core.shell:Skip shell extension 'dsv' for command environment
[2.786s] INFO:colcon.colcon_core.task.python.build:Building Python package in '/home/emon/development/ros2_begginers/Src/my_py_pkg'
[2.806s] INFO:colcon.colcon_core.shell:Skip shell extension 'powershell' for command environment: Not usable outside of PowerShell
[2.806s] DEBUG:colcon.colcon_core.shell:Skip shell extension 'dsv' for command environment
[3.484s] DEBUG:colcon.colcon_core.task.python.build:While undoing a previous installation files outside the Python library path are being ignored: /home/emon/development/ros2_begginers/install/my_py_pkg/share/ament_index/resource_index/packages/my_py_pkg
[3.484s] DEBUG:colcon.colcon_core.task.python.build:While undoing a previous installation files outside the Python library path are being ignored: /home/emon/development/ros2_begginers/install/my_py_pkg/share/my_py_pkg/package.xml
[3.485s] DEBUG:colcon.colcon_core.task.python.build:While undoing a previous installation files outside the Python library path are being ignored: /home/emon/development/ros2_begginers/install/my_py_pkg/lib/my_py_pkg/py_node
[3.492s] DEBUG:colcon.colcon_core.event_handler.log_command:Invoking command in '/home/emon/development/ros2_begginers/build/my_py_pkg': PYTHONPATH=/home/emon/development/ros2_begginers/build/my_py_pkg/prefix_override:/home/emon/development/ros2_begginers/install/my_py_pkg/lib/python3.10/site-packages:${PYTHONPATH} /usr/bin/python3 setup.py develop --editable --build-directory /home/emon/development/ros2_begginers/build/my_py_pkg/build --no-deps install_data
[4.599s] Level 1:colcon.colcon_core.shell:create_environment_hook('my_py_pkg', 'pythonpath_develop')
[4.600s] DEBUG:colcon.colcon_core.event_handler.log_command:Invoked command in '/home/emon/development/ros2_begginers/build/my_py_pkg' returned '0': PYTHONPATH=/home/emon/development/ros2_begginers/build/my_py_pkg/prefix_override:/home/emon/development/ros2_begginers/install/my_py_pkg/lib/python3.10/site-packages:${PYTHONPATH} /usr/bin/python3 setup.py develop --editable --build-directory /home/emon/development/ros2_begginers/build/my_py_pkg/build --no-deps install_data
[4.651s] INFO:colcon.colcon_core.shell:Creating environment hook '/home/emon/development/ros2_begginers/build/my_py_pkg/share/my_py_pkg/hook/pythonpath_develop.ps1'
[4.653s] INFO:colcon.colcon_core.shell:Creating environment descriptor '/home/emon/development/ros2_begginers/build/my_py_pkg/share/my_py_pkg/hook/pythonpath_develop.dsv'
[4.654s] INFO:colcon.colcon_core.shell:Creating environment hook '/home/emon/development/ros2_begginers/build/my_py_pkg/share/my_py_pkg/hook/pythonpath_develop.sh'
[4.703s] Level 1:colcon.colcon_core.environment:checking '/home/emon/development/ros2_begginers/install/my_py_pkg' for CMake module files
[4.705s] Level 1:colcon.colcon_core.environment:checking '/home/emon/development/ros2_begginers/install/my_py_pkg' for CMake config files
[4.706s] Level 1:colcon.colcon_core.environment:checking '/home/emon/development/ros2_begginers/install/my_py_pkg/lib'
[4.707s] Level 1:colcon.colcon_core.environment:checking '/home/emon/development/ros2_begginers/install/my_py_pkg/bin'
[4.708s] Level 1:colcon.colcon_core.environment:checking '/home/emon/development/ros2_begginers/install/my_py_pkg/lib/pkgconfig/my_py_pkg.pc'
[4.709s] Level 1:colcon.colcon_core.environment:checking '/home/emon/development/ros2_begginers/install/my_py_pkg/lib/python3.10/site-packages'
[4.709s] Level 1:colcon.colcon_core.shell:create_environment_hook('my_py_pkg', 'pythonpath')
[4.749s] INFO:colcon.colcon_core.shell:Creating environment hook '/home/emon/development/ros2_begginers/install/my_py_pkg/share/my_py_pkg/hook/pythonpath.ps1'
[4.751s] INFO:colcon.colcon_core.shell:Creating environment descriptor '/home/emon/development/ros2_begginers/install/my_py_pkg/share/my_py_pkg/hook/pythonpath.dsv'
[4.752s] INFO:colcon.colcon_core.shell:Creating environment hook '/home/emon/development/ros2_begginers/install/my_py_pkg/share/my_py_pkg/hook/pythonpath.sh'
[4.754s] Level 1:colcon.colcon_core.environment:checking '/home/emon/development/ros2_begginers/install/my_py_pkg/bin'
[4.754s] Level 1:colcon.colcon_core.environment:create_environment_scripts_only(my_py_pkg)
[4.797s] INFO:colcon.colcon_core.shell:Creating package script '/home/emon/development/ros2_begginers/install/my_py_pkg/share/my_py_pkg/package.ps1'
[4.800s] INFO:colcon.colcon_core.shell:Creating package descriptor '/home/emon/development/ros2_begginers/install/my_py_pkg/share/my_py_pkg/package.dsv'
[4.803s] INFO:colcon.colcon_core.shell:Creating package script '/home/emon/development/ros2_begginers/install/my_py_pkg/share/my_py_pkg/package.sh'
[4.806s] INFO:colcon.colcon_core.shell:Creating package script '/home/emon/development/ros2_begginers/install/my_py_pkg/share/my_py_pkg/package.bash'
[4.808s] INFO:colcon.colcon_core.shell:Creating package script '/home/emon/development/ros2_begginers/install/my_py_pkg/share/my_py_pkg/package.zsh'
[4.811s] Level 1:colcon.colcon_core.environment:create_file_with_runtime_dependencies(/home/emon/development/ros2_begginers/install/my_py_pkg/share/colcon-core/packages/my_py_pkg)
[4.813s] DEBUG:colcon.colcon_parallel_executor.executor.parallel:closing loop
[4.814s] DEBUG:colcon.colcon_parallel_executor.executor.parallel:loop closed
[4.814s] DEBUG:colcon.colcon_parallel_executor.executor.parallel:run_until_complete finished with '0'
[4.815s] DEBUG:colcon.colcon_core.event_reactor:joining thread
[4.870s] INFO:colcon.colcon_core.plugin_system:Skipping extension 'colcon_notification.desktop_notification.terminal_notifier': Not used on non-Darwin systems
[4.870s] INFO:colcon.colcon_core.plugin_system:Skipping extension 'colcon_notification.desktop_notification.win32': Not used on non-Windows systems
[4.871s] INFO:colcon.colcon_notification.desktop_notification:Sending desktop notification using 'notify2'
[4.905s] DEBUG:colcon.colcon_core.event_reactor:joined thread
[4.995s] INFO:colcon.colcon_core.shell:Creating prefix script '/home/emon/development/ros2_begginers/install/local_setup.ps1'
[4.999s] INFO:colcon.colcon_core.shell:Creating prefix util module '/home/emon/development/ros2_begginers/install/_local_setup_util_ps1.py'
[5.004s] INFO:colcon.colcon_core.shell:Creating prefix chain script '/home/emon/development/ros2_begginers/install/setup.ps1'
[5.068s] INFO:colcon.colcon_core.shell:Creating prefix script '/home/emon/development/ros2_begginers/install/local_setup.sh'
[5.070s] INFO:colcon.colcon_core.shell:Creating prefix util module '/home/emon/development/ros2_begginers/install/_local_setup_util_sh.py'
[5.072s] INFO:colcon.colcon_core.shell:Creating prefix chain script '/home/emon/development/ros2_begginers/install/setup.sh'
[5.139s] INFO:colcon.colcon_core.shell:Creating prefix script '/home/emon/development/ros2_begginers/install/local_setup.bash'
[5.140s] INFO:colcon.colcon_core.shell:Creating prefix chain script '/home/emon/development/ros2_begginers/install/setup.bash'
[5.189s] INFO:colcon.colcon_core.shell:Creating prefix script '/home/emon/development/ros2_begginers/install/local_setup.zsh'
[5.191s] INFO:colcon.colcon_core.shell:Creating prefix chain script '/home/emon/development/ros2_begginers/install/setup.zsh'
