[0.081s] Invoking command in '/home/emon/development/ros2_begginers/build/my_cp_pkg': CMAKE_PREFIX_PATH=/home/emon/development/ros2_begginers/install/my_py_pkg:/opt/ros/humble /usr/bin/cmake /home/emon/development/ros2_begginers/src/my_cp_pkg -DCMAKE_INSTALL_PREFIX=/home/emon/development/ros2_begginers/install/my_cp_pkg
[0.268s] -- The C compiler identification is GNU 11.4.0
[0.402s] -- The CXX compiler identification is GNU 11.4.0
[0.415s] -- Detecting C compiler ABI info
[0.510s] -- Detecting C compiler ABI info - done
[0.520s] -- Check for working C compiler: /usr/bin/cc - skipped
[0.521s] -- Detecting C compile features
[0.522s] -- Detecting C compile features - done
[0.527s] -- Detecting CXX compiler ABI info
[0.637s] -- Detecting CXX compiler ABI info - done
[0.650s] -- Check for working CXX compiler: /usr/bin/c++ - skipped
[0.650s] -- Detecting CXX compile features
[0.651s] -- Detecting CXX compile features - done
[0.659s] -- Found ament_cmake: 1.3.5 (/opt/ros/humble/share/ament_cmake/cmake)
[0.897s] -- Found Python3: /usr/bin/python3.10 (found version "3.10.12") found components: Interpreter 
[1.029s] -- Found rclcpp: 16.0.6 (/opt/ros/humble/share/rclcpp/cmake)
[1.100s] -- Found rosidl_generator_c: 3.1.5 (/opt/ros/humble/share/rosidl_generator_c/cmake)
[1.108s] -- Found rosidl_adapter: 3.1.5 (/opt/ros/humble/share/rosidl_adapter/cmake)
[1.123s] -- Found rosidl_generator_cpp: 3.1.5 (/opt/ros/humble/share/rosidl_generator_cpp/cmake)
[1.148s] -- Using all available rosidl_typesupport_c: rosidl_typesupport_fastrtps_c;rosidl_typesupport_introspection_c
[1.185s] -- Using all available rosidl_typesupport_cpp: rosidl_typesupport_fastrtps_cpp;rosidl_typesupport_introspection_cpp
[1.315s] -- Found rmw_implementation_cmake: 6.1.1 (/opt/ros/humble/share/rmw_implementation_cmake/cmake)
[1.320s] -- Found rmw_fastrtps_cpp: 6.2.4 (/opt/ros/humble/share/rmw_fastrtps_cpp/cmake)
[1.600s] -- Found OpenSSL: /usr/lib/x86_64-linux-gnu/libcrypto.so (found version "3.0.2")  
[1.653s] -- Found FastRTPS: /opt/ros/humble/include  
[1.749s] -- Using RMW implementation 'rmw_fastrtps_cpp' as default
[1.769s] -- Looking for pthread.h
[1.876s] -- Looking for pthread.h - found
[1.877s] -- Performing Test CMAKE_HAVE_LIBC_PTHREAD
[1.973s] -- Performing Test CMAKE_HAVE_LIBC_PTHREAD - Success
[1.975s] -- Found Threads: TRUE  
[2.223s] -- Found ament_lint_auto: 0.12.8 (/opt/ros/humble/share/ament_lint_auto/cmake)
[2.333s] -- Added test 'lint_cmake' to check CMake code style
[2.336s] -- Added test 'xmllint' to check XML markup files
[2.338s] -- Configuring done
[2.345s] -- Generating done
[2.347s] -- Build files have been written to: /home/emon/development/ros2_begginers/build/my_cp_pkg
[2.359s] Invoked command in '/home/emon/development/ros2_begginers/build/my_cp_pkg' returned '0': CMAKE_PREFIX_PATH=/home/emon/development/ros2_begginers/install/my_py_pkg:/opt/ros/humble /usr/bin/cmake /home/emon/development/ros2_begginers/src/my_cp_pkg -DCMAKE_INSTALL_PREFIX=/home/emon/development/ros2_begginers/install/my_cp_pkg
[2.361s] Invoking command in '/home/emon/development/ros2_begginers/build/my_cp_pkg': CMAKE_PREFIX_PATH=/home/emon/development/ros2_begginers/install/my_py_pkg:/opt/ros/humble /usr/bin/cmake --build /home/emon/development/ros2_begginers/build/my_cp_pkg -- -j8 -l8
[2.417s] Invoked command in '/home/emon/development/ros2_begginers/build/my_cp_pkg' returned '0': CMAKE_PREFIX_PATH=/home/emon/development/ros2_begginers/install/my_py_pkg:/opt/ros/humble /usr/bin/cmake --build /home/emon/development/ros2_begginers/build/my_cp_pkg -- -j8 -l8
[2.459s] Invoking command in '/home/emon/development/ros2_begginers/build/my_cp_pkg': CMAKE_PREFIX_PATH=/home/emon/development/ros2_begginers/install/my_py_pkg:/opt/ros/humble /usr/bin/cmake --install /home/emon/development/ros2_begginers/build/my_cp_pkg
[2.470s] -- Install configuration: ""
[2.470s] -- Installing: /home/emon/development/ros2_begginers/install/my_cp_pkg/share/ament_index/resource_index/package_run_dependencies/my_cp_pkg
[2.470s] -- Installing: /home/emon/development/ros2_begginers/install/my_cp_pkg/share/ament_index/resource_index/parent_prefix_path/my_cp_pkg
[2.470s] -- Installing: /home/emon/development/ros2_begginers/install/my_cp_pkg/share/my_cp_pkg/environment/ament_prefix_path.sh
[2.470s] -- Installing: /home/emon/development/ros2_begginers/install/my_cp_pkg/share/my_cp_pkg/environment/ament_prefix_path.dsv
[2.471s] -- Installing: /home/emon/development/ros2_begginers/install/my_cp_pkg/share/my_cp_pkg/environment/path.sh
[2.471s] -- Installing: /home/emon/development/ros2_begginers/install/my_cp_pkg/share/my_cp_pkg/environment/path.dsv
[2.471s] -- Installing: /home/emon/development/ros2_begginers/install/my_cp_pkg/share/my_cp_pkg/local_setup.bash
[2.471s] -- Installing: /home/emon/development/ros2_begginers/install/my_cp_pkg/share/my_cp_pkg/local_setup.sh
[2.471s] -- Installing: /home/emon/development/ros2_begginers/install/my_cp_pkg/share/my_cp_pkg/local_setup.zsh
[2.472s] -- Installing: /home/emon/development/ros2_begginers/install/my_cp_pkg/share/my_cp_pkg/local_setup.dsv
[2.472s] -- Installing: /home/emon/development/ros2_begginers/install/my_cp_pkg/share/my_cp_pkg/package.dsv
[2.472s] -- Installing: /home/emon/development/ros2_begginers/install/my_cp_pkg/share/ament_index/resource_index/packages/my_cp_pkg
[2.472s] -- Installing: /home/emon/development/ros2_begginers/install/my_cp_pkg/share/my_cp_pkg/cmake/my_cp_pkgConfig.cmake
[2.473s] -- Installing: /home/emon/development/ros2_begginers/install/my_cp_pkg/share/my_cp_pkg/cmake/my_cp_pkgConfig-version.cmake
[2.473s] -- Installing: /home/emon/development/ros2_begginers/install/my_cp_pkg/share/my_cp_pkg/package.xml
[2.476s] Invoked command in '/home/emon/development/ros2_begginers/build/my_cp_pkg' returned '0': CMAKE_PREFIX_PATH=/home/emon/development/ros2_begginers/install/my_py_pkg:/opt/ros/humble /usr/bin/cmake --install /home/emon/development/ros2_begginers/build/my_cp_pkg
