[0.871s] Invoking command in '/home/emon/development/ros2_begginers/build/my_py_pkg': PYTHONPATH=/home/emon/development/ros2_begginers/build/my_py_pkg/prefix_override:/home/emon/development/ros2_begginers/install/my_py_pkg/lib/python3.10/site-packages:${PYTHONPATH} /usr/bin/python3 setup.py develop --editable --build-directory /home/emon/development/ros2_begginers/build/my_py_pkg/build --no-deps install_data
[1.204s] running develop
[1.388s] running egg_info
[1.388s] writing my_py_pkg.egg-info/PKG-INFO
[1.388s] writing dependency_links to my_py_pkg.egg-info/dependency_links.txt
[1.388s] writing entry points to my_py_pkg.egg-info/entry_points.txt
[1.389s] writing requirements to my_py_pkg.egg-info/requires.txt
[1.389s] writing top-level names to my_py_pkg.egg-info/top_level.txt
[1.391s] reading manifest file 'my_py_pkg.egg-info/SOURCES.txt'
[1.391s] writing manifest file 'my_py_pkg.egg-info/SOURCES.txt'
[1.393s] running build_ext
[1.393s] Creating /home/emon/development/ros2_begginers/install/my_py_pkg/lib/python3.10/site-packages/my-py-pkg.egg-link (link to .)
[1.393s] Installing number_publisher script to /home/emon/development/ros2_begginers/install/my_py_pkg/lib/my_py_pkg
[1.394s] Installing py_node script to /home/emon/development/ros2_begginers/install/my_py_pkg/lib/my_py_pkg
[1.394s] Installing robot_news_station script to /home/emon/development/ros2_begginers/install/my_py_pkg/lib/my_py_pkg
[1.394s] Installing smartphone script to /home/emon/development/ros2_begginers/install/my_py_pkg/lib/my_py_pkg
[1.394s] 
[1.394s] Installed /home/emon/development/ros2_begginers/build/my_py_pkg
[1.394s] running install_data
[1.430s] Invoked command in '/home/emon/development/ros2_begginers/build/my_py_pkg' returned '0': PYTHONPATH=/home/emon/development/ros2_begginers/build/my_py_pkg/prefix_override:/home/emon/development/ros2_begginers/install/my_py_pkg/lib/python3.10/site-packages:${PYTHONPATH} /usr/bin/python3 setup.py develop --editable --build-directory /home/emon/development/ros2_begginers/build/my_py_pkg/build --no-deps install_data
