[0.116s] Invoking command in '/home/emon/development/ros2_begginers/build/my_cp_pkg': CMAKE_PREFIX_PATH=/home/emon/development/ros2_begginers/install/my_py_pkg:/opt/ros/humble /usr/bin/cmake --build /home/emon/development/ros2_begginers/build/my_cp_pkg -- -j8 -l8
[0.172s] -- Found ament_cmake: 1.3.5 (/opt/ros/humble/share/ament_cmake/cmake)
[0.475s] -- Found rclcpp: 16.0.6 (/opt/ros/humble/share/rclcpp/cmake)
[0.544s] -- Found rosidl_generator_c: 3.1.5 (/opt/ros/humble/share/rosidl_generator_c/cmake)
[0.550s] -- Found rosidl_adapter: 3.1.5 (/opt/ros/humble/share/rosidl_adapter/cmake)
[0.566s] -- Found rosidl_generator_cpp: 3.1.5 (/opt/ros/humble/share/rosidl_generator_cpp/cmake)
[0.599s] -- Using all available rosidl_typesupport_c: rosidl_typesupport_fastrtps_c;rosidl_typesupport_introspection_c
[0.634s] -- Using all available rosidl_typesupport_cpp: rosidl_typesupport_fastrtps_cpp;rosidl_typesupport_introspection_cpp
[0.742s] -- Found rmw_implementation_cmake: 6.1.1 (/opt/ros/humble/share/rmw_implementation_cmake/cmake)
[0.745s] -- Found rmw_fastrtps_cpp: 6.2.4 (/opt/ros/humble/share/rmw_fastrtps_cpp/cmake)
[0.963s] -- Using RMW implementation 'rmw_fastrtps_cpp' as default
[1.204s] [31mCMake Error at CMakeLists.txt:12 (add_executable):
[1.204s]   The target name "cpp_node," is reserved or not valid for certain CMake
[1.204s]   features, such as generator expressions, and may result in undefined
[1.204s]   behavior.
[1.204s] 
[1.204s] [0m
[1.204s] [31mCMake Error at /opt/ros/humble/share/ament_cmake_target_dependencies/cmake/ament_target_dependencies.cmake:42 (message):
[1.204s]   ament_target_dependencies() the first argument must be a valid target name
[1.204s] Call Stack (most recent call first):
[1.205s]   CMakeLists.txt:13 (ament_target_dependencies)
[1.205s] 
[1.205s] [0m
[1.205s] -- Configuring incomplete, errors occurred!
[1.205s] See also "/home/emon/development/ros2_begginers/build/my_cp_pkg/CMakeFiles/CMakeOutput.log".
[1.213s] gmake: *** [Makefile:226: cmake_check_build_system] Error 1
[1.216s] Invoked command in '/home/emon/development/ros2_begginers/build/my_cp_pkg' returned '2': CMAKE_PREFIX_PATH=/home/emon/development/ros2_begginers/install/my_py_pkg:/opt/ros/humble /usr/bin/cmake --build /home/emon/development/ros2_begginers/build/my_cp_pkg -- -j8 -l8
